Start testing: May 24 11:00 CEST
----------------------------------------------------------
Unable to find executable: rand
1/947 Testing: rand
1/947 Test: rand
Command: ""
Directory: /home/arsen/projects/optimizer-bench/optlib/build/_deps/eigen3-build/test
"rand" start time: 
Output:
----------------------------------------------------------
<end of output>
Test time =   0.00 sec
----------------------------------------------------------
Test Passed.
"rand" end time: May 24 11:00 CEST
"rand" time elapsed: 00:00:00
----------------------------------------------------------

Unable to find executable: meta
2/947 Testing: meta
2/947 Test: meta
Command: ""
Directory: /home/arsen/projects/optimizer-bench/optlib/build/_deps/eigen3-build/test
"meta" start time: 
Output:
----------------------------------------------------------
<end of output>
Test time =   0.00 sec
----------------------------------------------------------
Test Passed.
"meta" end time: May 24 11:00 CEST
"meta" time elapsed: 00:00:00
----------------------------------------------------------

Unable to find executable: numext
3/947 Testing: numext
3/947 Test: numext
Command: ""
Directory: /home/arsen/projects/optimizer-bench/optlib/build/_deps/eigen3-build/test
"numext" start time: 
Output:
----------------------------------------------------------
<end of output>
Test time =   0.00 sec
----------------------------------------------------------
Test Passed.
"numext" end time: May 24 11:00 CEST
"numext" time elapsed: 00:00:00
----------------------------------------------------------

Unable to find executable: sizeof
4/947 Testing: sizeof
4/947 Test: sizeof
Command: ""
Directory: /home/arsen/projects/optimizer-bench/optlib/build/_deps/eigen3-build/test
"sizeof" start time: 
Output:
----------------------------------------------------------
<end of output>
Test time =   0.00 sec
----------------------------------------------------------
Test Passed.
"sizeof" end time: May 24 11:00 CEST
"sizeof" time elapsed: 00:00:00
----------------------------------------------------------

Unable to find executable: dynalloc
5/947 Testing: dynalloc
5/947 Test: dynalloc
Command: ""
Directory: /home/arsen/projects/optimizer-bench/optlib/build/_deps/eigen3-build/test
"dynalloc" start time: 
Output:
----------------------------------------------------------
<end of output>
Test time =   0.00 sec
----------------------------------------------------------
Test Passed.
"dynalloc" end time: May 24 11:00 CEST
"dynalloc" time elapsed: 00:00:00
----------------------------------------------------------

Unable to find executable: nomalloc_1
6/947 Testing: nomalloc_1
6/947 Test: nomalloc_1
Command: ""
Directory: /home/arsen/projects/optimizer-bench/optlib/build/_deps/eigen3-build/test
"nomalloc_1" start time: 
Output:
----------------------------------------------------------
<end of output>
Test time =   0.00 sec
----------------------------------------------------------
Test Passed.
"nomalloc_1" end time: May 24 11:00 CEST
"nomalloc_1" time elapsed: 00:00:00
----------------------------------------------------------

Unable to find executable: nomalloc_2
7/947 Testing: nomalloc_2
7/947 Test: nomalloc_2
Command: ""
Directory: /home/arsen/projects/optimizer-bench/optlib/build/_deps/eigen3-build/test
"nomalloc_2" start time: 
Output:
----------------------------------------------------------
<end of output>
Test time =   0.00 sec
----------------------------------------------------------
Test Passed.
"nomalloc_2" end time: May 24 11:00 CEST
"nomalloc_2" time elapsed: 00:00:00
----------------------------------------------------------

Unable to find executable: nomalloc_3
8/947 Testing: nomalloc_3
8/947 Test: nomalloc_3
Command: ""
Directory: /home/arsen/projects/optimizer-bench/optlib/build/_deps/eigen3-build/test
"nomalloc_3" start time: 
Output:
----------------------------------------------------------
<end of output>
Test time =   0.00 sec
----------------------------------------------------------
Test Passed.
"nomalloc_3" end time: May 24 11:00 CEST
"nomalloc_3" time elapsed: 00:00:00
----------------------------------------------------------

Unable to find executable: nomalloc_4
9/947 Testing: nomalloc_4
9/947 Test: nomalloc_4
Command: ""
Directory: /home/arsen/projects/optimizer-bench/optlib/build/_deps/eigen3-build/test
"nomalloc_4" start time: 
Output:
----------------------------------------------------------
<end of output>
Test time =   0.00 sec
----------------------------------------------------------
Test Passed.
"nomalloc_4" end time: May 24 11:00 CEST
"nomalloc_4" time elapsed: 00:00:00
----------------------------------------------------------

Unable to find executable: nomalloc_5
10/947 Testing: nomalloc_5
10/947 Test: nomalloc_5
Command: ""
Directory: /home/arsen/projects/optimizer-bench/optlib/build/_deps/eigen3-build/test
"nomalloc_5" start time: 
Output:
----------------------------------------------------------
<end of output>
Test time =   0.00 sec
----------------------------------------------------------
Test Passed.
"nomalloc_5" end time: May 24 11:00 CEST
"nomalloc_5" time elapsed: 00:00:00
----------------------------------------------------------

Unable to find executable: nomalloc_6
11/947 Testing: nomalloc_6
11/947 Test: nomalloc_6
Command: ""
Directory: /home/arsen/projects/optimizer-bench/optlib/build/_deps/eigen3-build/test
"nomalloc_6" start time: 
Output:
----------------------------------------------------------
<end of output>
Test time =   0.00 sec
----------------------------------------------------------
Test Passed.
"nomalloc_6" end time: May 24 11:00 CEST
"nomalloc_6" time elapsed: 00:00:00
----------------------------------------------------------

Unable to find executable: nomalloc_7
12/947 Testing: nomalloc_7
12/947 Test: nomalloc_7
Command: ""
Directory: /home/arsen/projects/optimizer-bench/optlib/build/_deps/eigen3-build/test
"nomalloc_7" start time: 
Output:
----------------------------------------------------------
<end of output>
Test time =   0.00 sec
----------------------------------------------------------
Test Passed.
"nomalloc_7" end time: May 24 11:00 CEST
"nomalloc_7" time elapsed: 00:00:00
----------------------------------------------------------

Unable to find executable: nomalloc_8
13/947 Testing: nomalloc_8
13/947 Test: nomalloc_8
Command: ""
Directory: /home/arsen/projects/optimizer-bench/optlib/build/_deps/eigen3-build/test
"nomalloc_8" start time: 
Output:
----------------------------------------------------------
<end of output>
Test time =   0.00 sec
----------------------------------------------------------
Test Passed.
"nomalloc_8" end time: May 24 11:00 CEST
"nomalloc_8" time elapsed: 00:00:00
----------------------------------------------------------

Unable to find executable: first_aligned
14/947 Testing: first_aligned
14/947 Test: first_aligned
Command: ""
Directory: /home/arsen/projects/optimizer-bench/optlib/build/_deps/eigen3-build/test
"first_aligned" start time: 
Output:
----------------------------------------------------------
<end of output>
Test time =   0.00 sec
----------------------------------------------------------
Test Passed.
"first_aligned" end time: May 24 11:00 CEST
"first_aligned" time elapsed: 00:00:00
----------------------------------------------------------

Unable to find executable: type_alias
15/947 Testing: type_alias
15/947 Test: type_alias
Command: ""
Directory: /home/arsen/projects/optimizer-bench/optlib/build/_deps/eigen3-build/test
"type_alias" start time: 
Output:
----------------------------------------------------------
<end of output>
Test time =   0.00 sec
----------------------------------------------------------
Test Passed.
"type_alias" end time: May 24 11:00 CEST
"type_alias" time elapsed: 00:00:00
----------------------------------------------------------

Unable to find executable: nullary_1
16/947 Testing: nullary_1
16/947 Test: nullary_1
Command: ""
Directory: /home/arsen/projects/optimizer-bench/optlib/build/_deps/eigen3-build/test
"nullary_1" start time: 
Output:
----------------------------------------------------------
<end of output>
Test time =   0.00 sec
----------------------------------------------------------
Test Passed.
"nullary_1" end time: May 24 11:00 CEST
"nullary_1" time elapsed: 00:00:00
----------------------------------------------------------

Unable to find executable: nullary_2
17/947 Testing: nullary_2
17/947 Test: nullary_2
Command: ""
Directory: /home/arsen/projects/optimizer-bench/optlib/build/_deps/eigen3-build/test
"nullary_2" start time: 
Output:
----------------------------------------------------------
<end of output>
Test time =   0.00 sec
----------------------------------------------------------
Test Passed.
"nullary_2" end time: May 24 11:00 CEST
"nullary_2" time elapsed: 00:00:00
----------------------------------------------------------

Unable to find executable: nullary_3
18/947 Testing: nullary_3
18/947 Test: nullary_3
Command: ""
Directory: /home/arsen/projects/optimizer-bench/optlib/build/_deps/eigen3-build/test
"nullary_3" start time: 
Output:
----------------------------------------------------------
<end of output>
Test time =   0.00 sec
----------------------------------------------------------
Test Passed.
"nullary_3" end time: May 24 11:00 CEST
"nullary_3" time elapsed: 00:00:00
----------------------------------------------------------

Unable to find executable: nullary_4
19/947 Testing: nullary_4
19/947 Test: nullary_4
Command: ""
Directory: /home/arsen/projects/optimizer-bench/optlib/build/_deps/eigen3-build/test
"nullary_4" start time: 
Output:
----------------------------------------------------------
<end of output>
Test time =   0.00 sec
----------------------------------------------------------
Test Passed.
"nullary_4" end time: May 24 11:00 CEST
"nullary_4" time elapsed: 00:00:00
----------------------------------------------------------

Unable to find executable: nullary_5
20/947 Testing: nullary_5
20/947 Test: nullary_5
Command: ""
Directory: /home/arsen/projects/optimizer-bench/optlib/build/_deps/eigen3-build/test
"nullary_5" start time: 
Output:
----------------------------------------------------------
<end of output>
Test time =   0.00 sec
----------------------------------------------------------
Test Passed.
"nullary_5" end time: May 24 11:00 CEST
"nullary_5" time elapsed: 00:00:00
----------------------------------------------------------

Unable to find executable: nullary_6
21/947 Testing: nullary_6
21/947 Test: nullary_6
Command: ""
Directory: /home/arsen/projects/optimizer-bench/optlib/build/_deps/eigen3-build/test
"nullary_6" start time: 
Output:
----------------------------------------------------------
<end of output>
Test time =   0.00 sec
----------------------------------------------------------
Test Passed.
"nullary_6" end time: May 24 11:00 CEST
"nullary_6" time elapsed: 00:00:00
----------------------------------------------------------

Unable to find executable: nullary_7
22/947 Testing: nullary_7
22/947 Test: nullary_7
Command: ""
Directory: /home/arsen/projects/optimizer-bench/optlib/build/_deps/eigen3-build/test
"nullary_7" start time: 
Output:
----------------------------------------------------------
<end of output>
Test time =   0.00 sec
----------------------------------------------------------
Test Passed.
"nullary_7" end time: May 24 11:00 CEST
"nullary_7" time elapsed: 00:00:00
----------------------------------------------------------

Unable to find executable: nullary_8
23/947 Testing: nullary_8
23/947 Test: nullary_8
Command: ""
Directory: /home/arsen/projects/optimizer-bench/optlib/build/_deps/eigen3-build/test
"nullary_8" start time: 
Output:
----------------------------------------------------------
<end of output>
Test time =   0.00 sec
----------------------------------------------------------
Test Passed.
"nullary_8" end time: May 24 11:00 CEST
"nullary_8" time elapsed: 00:00:00
----------------------------------------------------------

Unable to find executable: nullary_9
24/947 Testing: nullary_9
24/947 Test: nullary_9
Command: ""
Directory: /home/arsen/projects/optimizer-bench/optlib/build/_deps/eigen3-build/test
"nullary_9" start time: 
Output:
----------------------------------------------------------
<end of output>
Test time =   0.00 sec
----------------------------------------------------------
Test Passed.
"nullary_9" end time: May 24 11:00 CEST
"nullary_9" time elapsed: 00:00:00
----------------------------------------------------------

Unable to find executable: nullary_10
25/947 Testing: nullary_10
25/947 Test: nullary_10
Command: ""
Directory: /home/arsen/projects/optimizer-bench/optlib/build/_deps/eigen3-build/test
"nullary_10" start time: 
Output:
----------------------------------------------------------
<end of output>
Test time =   0.00 sec
----------------------------------------------------------
Test Passed.
"nullary_10" end time: May 24 11:00 CEST
"nullary_10" time elapsed: 00:00:00
----------------------------------------------------------

Unable to find executable: mixingtypes_7
26/947 Testing: mixingtypes_7
26/947 Test: mixingtypes_7
Command: ""
Directory: /home/arsen/projects/optimizer-bench/optlib/build/_deps/eigen3-build/test
"mixingtypes_7" start time: 
Output:
----------------------------------------------------------
<end of output>
Test time =   0.00 sec
----------------------------------------------------------
Test Passed.
"mixingtypes_7" end time: May 24 11:00 CEST
"mixingtypes_7" time elapsed: 00:00:00
----------------------------------------------------------

Unable to find executable: mixingtypes_1
27/947 Testing: mixingtypes_1
27/947 Test: mixingtypes_1
Command: ""
Directory: /home/arsen/projects/optimizer-bench/optlib/build/_deps/eigen3-build/test
"mixingtypes_1" start time: 
Output:
----------------------------------------------------------
<end of output>
Test time =   0.00 sec
----------------------------------------------------------
Test Passed.
"mixingtypes_1" end time: May 24 11:00 CEST
"mixingtypes_1" time elapsed: 00:00:00
----------------------------------------------------------

Unable to find executable: mixingtypes_2
28/947 Testing: mixingtypes_2
28/947 Test: mixingtypes_2
Command: ""
Directory: /home/arsen/projects/optimizer-bench/optlib/build/_deps/eigen3-build/test
"mixingtypes_2" start time: 
Output:
----------------------------------------------------------
<end of output>
Test time =   0.00 sec
----------------------------------------------------------
Test Passed.
"mixingtypes_2" end time: May 24 11:00 CEST
"mixingtypes_2" time elapsed: 00:00:00
----------------------------------------------------------

Unable to find executable: mixingtypes_3
29/947 Testing: mixingtypes_3
29/947 Test: mixingtypes_3
Command: ""
Directory: /home/arsen/projects/optimizer-bench/optlib/build/_deps/eigen3-build/test
"mixingtypes_3" start time: 
Output:
----------------------------------------------------------
<end of output>
Test time =   0.00 sec
----------------------------------------------------------
Test Passed.
"mixingtypes_3" end time: May 24 11:00 CEST
"mixingtypes_3" time elapsed: 00:00:00
----------------------------------------------------------

Unable to find executable: mixingtypes_4
30/947 Testing: mixingtypes_4
30/947 Test: mixingtypes_4
Command: ""
Directory: /home/arsen/projects/optimizer-bench/optlib/build/_deps/eigen3-build/test
"mixingtypes_4" start time: 
Output:
----------------------------------------------------------
<end of output>
Test time =   0.00 sec
----------------------------------------------------------
Test Passed.
"mixingtypes_4" end time: May 24 11:00 CEST
"mixingtypes_4" time elapsed: 00:00:00
----------------------------------------------------------

Unable to find executable: mixingtypes_5
31/947 Testing: mixingtypes_5
31/947 Test: mixingtypes_5
Command: ""
Directory: /home/arsen/projects/optimizer-bench/optlib/build/_deps/eigen3-build/test
"mixingtypes_5" start time: 
Output:
----------------------------------------------------------
<end of output>
Test time =   0.00 sec
----------------------------------------------------------
Test Passed.
"mixingtypes_5" end time: May 24 11:00 CEST
"mixingtypes_5" time elapsed: 00:00:00
----------------------------------------------------------

Unable to find executable: mixingtypes_6
32/947 Testing: mixingtypes_6
32/947 Test: mixingtypes_6
Command: ""
Directory: /home/arsen/projects/optimizer-bench/optlib/build/_deps/eigen3-build/test
"mixingtypes_6" start time: 
Output:
----------------------------------------------------------
<end of output>
Test time =   0.00 sec
----------------------------------------------------------
Test Passed.
"mixingtypes_6" end time: May 24 11:00 CEST
"mixingtypes_6" time elapsed: 00:00:00
----------------------------------------------------------

Unable to find executable: io
33/947 Testing: io
33/947 Test: io
Command: ""
Directory: /home/arsen/projects/optimizer-bench/optlib/build/_deps/eigen3-build/test
"io" start time: 
Output:
----------------------------------------------------------
<end of output>
Test time =   0.00 sec
----------------------------------------------------------
Test Passed.
"io" end time: May 24 11:00 CEST
"io" time elapsed: 00:00:00
----------------------------------------------------------

Unable to find executable: packetmath_1
34/947 Testing: packetmath_1
34/947 Test: packetmath_1
Command: ""
Directory: /home/arsen/projects/optimizer-bench/optlib/build/_deps/eigen3-build/test
"packetmath_1" start time: 
Output:
----------------------------------------------------------
<end of output>
Test time =   0.00 sec
----------------------------------------------------------
Test Passed.
"packetmath_1" end time: May 24 11:00 CEST
"packetmath_1" time elapsed: 00:00:00
----------------------------------------------------------

Unable to find executable: packetmath_2
35/947 Testing: packetmath_2
35/947 Test: packetmath_2
Command: ""
Directory: /home/arsen/projects/optimizer-bench/optlib/build/_deps/eigen3-build/test
"packetmath_2" start time: 
Output:
----------------------------------------------------------
<end of output>
Test time =   0.00 sec
----------------------------------------------------------
Test Passed.
"packetmath_2" end time: May 24 11:00 CEST
"packetmath_2" time elapsed: 00:00:00
----------------------------------------------------------

Unable to find executable: packetmath_3
36/947 Testing: packetmath_3
36/947 Test: packetmath_3
Command: ""
Directory: /home/arsen/projects/optimizer-bench/optlib/build/_deps/eigen3-build/test
"packetmath_3" start time: 
Output:
----------------------------------------------------------
<end of output>
Test time =   0.00 sec
----------------------------------------------------------
Test Passed.
"packetmath_3" end time: May 24 11:00 CEST
"packetmath_3" time elapsed: 00:00:00
----------------------------------------------------------

Unable to find executable: packetmath_4
37/947 Testing: packetmath_4
37/947 Test: packetmath_4
Command: ""
Directory: /home/arsen/projects/optimizer-bench/optlib/build/_deps/eigen3-build/test
"packetmath_4" start time: 
Output:
----------------------------------------------------------
<end of output>
Test time =   0.00 sec
----------------------------------------------------------
Test Passed.
"packetmath_4" end time: May 24 11:00 CEST
"packetmath_4" time elapsed: 00:00:00
----------------------------------------------------------

Unable to find executable: packetmath_5
38/947 Testing: packetmath_5
38/947 Test: packetmath_5
Command: ""
Directory: /home/arsen/projects/optimizer-bench/optlib/build/_deps/eigen3-build/test
"packetmath_5" start time: 
Output:
----------------------------------------------------------
<end of output>
Test time =   0.00 sec
----------------------------------------------------------
Test Passed.
"packetmath_5" end time: May 24 11:00 CEST
"packetmath_5" time elapsed: 00:00:00
----------------------------------------------------------

Unable to find executable: packetmath_6
39/947 Testing: packetmath_6
39/947 Test: packetmath_6
Command: ""
Directory: /home/arsen/projects/optimizer-bench/optlib/build/_deps/eigen3-build/test
"packetmath_6" start time: 
Output:
----------------------------------------------------------
<end of output>
Test time =   0.00 sec
----------------------------------------------------------
Test Passed.
"packetmath_6" end time: May 24 11:00 CEST
"packetmath_6" time elapsed: 00:00:00
----------------------------------------------------------

Unable to find executable: packetmath_7
40/947 Testing: packetmath_7
40/947 Test: packetmath_7
Command: ""
Directory: /home/arsen/projects/optimizer-bench/optlib/build/_deps/eigen3-build/test
"packetmath_7" start time: 
Output:
----------------------------------------------------------
<end of output>
Test time =   0.00 sec
----------------------------------------------------------
Test Passed.
"packetmath_7" end time: May 24 11:00 CEST
"packetmath_7" time elapsed: 00:00:00
----------------------------------------------------------

Unable to find executable: packetmath_8
41/947 Testing: packetmath_8
41/947 Test: packetmath_8
Command: ""
Directory: /home/arsen/projects/optimizer-bench/optlib/build/_deps/eigen3-build/test
"packetmath_8" start time: 
Output:
----------------------------------------------------------
<end of output>
Test time =   0.00 sec
----------------------------------------------------------
Test Passed.
"packetmath_8" end time: May 24 11:00 CEST
"packetmath_8" time elapsed: 00:00:00
----------------------------------------------------------

Unable to find executable: packetmath_9
42/947 Testing: packetmath_9
42/947 Test: packetmath_9
Command: ""
Directory: /home/arsen/projects/optimizer-bench/optlib/build/_deps/eigen3-build/test
"packetmath_9" start time: 
Output:
----------------------------------------------------------
<end of output>
Test time =   0.00 sec
----------------------------------------------------------
Test Passed.
"packetmath_9" end time: May 24 11:00 CEST
"packetmath_9" time elapsed: 00:00:00
----------------------------------------------------------

Unable to find executable: packetmath_10
43/947 Testing: packetmath_10
43/947 Test: packetmath_10
Command: ""
Directory: /home/arsen/projects/optimizer-bench/optlib/build/_deps/eigen3-build/test
"packetmath_10" start time: 
Output:
----------------------------------------------------------
<end of output>
Test time =   0.00 sec
----------------------------------------------------------
Test Passed.
"packetmath_10" end time: May 24 11:00 CEST
"packetmath_10" time elapsed: 00:00:00
----------------------------------------------------------

Unable to find executable: packetmath_11
44/947 Testing: packetmath_11
44/947 Test: packetmath_11
Command: ""
Directory: /home/arsen/projects/optimizer-bench/optlib/build/_deps/eigen3-build/test
"packetmath_11" start time: 
Output:
----------------------------------------------------------
<end of output>
Test time =   0.00 sec
----------------------------------------------------------
Test Passed.
"packetmath_11" end time: May 24 11:00 CEST
"packetmath_11" time elapsed: 00:00:00
----------------------------------------------------------

Unable to find executable: packetmath_12
45/947 Testing: packetmath_12
45/947 Test: packetmath_12
Command: ""
Directory: /home/arsen/projects/optimizer-bench/optlib/build/_deps/eigen3-build/test
"packetmath_12" start time: 
Output:
----------------------------------------------------------
<end of output>
Test time =   0.00 sec
----------------------------------------------------------
Test Passed.
"packetmath_12" end time: May 24 11:00 CEST
"packetmath_12" time elapsed: 00:00:00
----------------------------------------------------------

Unable to find executable: packetmath_13
46/947 Testing: packetmath_13
46/947 Test: packetmath_13
Command: ""
Directory: /home/arsen/projects/optimizer-bench/optlib/build/_deps/eigen3-build/test
"packetmath_13" start time: 
Output:
----------------------------------------------------------
<end of output>
Test time =   0.00 sec
----------------------------------------------------------
Test Passed.
"packetmath_13" end time: May 24 11:00 CEST
"packetmath_13" time elapsed: 00:00:00
----------------------------------------------------------

Unable to find executable: packetmath_14
47/947 Testing: packetmath_14
47/947 Test: packetmath_14
Command: ""
Directory: /home/arsen/projects/optimizer-bench/optlib/build/_deps/eigen3-build/test
"packetmath_14" start time: 
Output:
----------------------------------------------------------
<end of output>
Test time =   0.00 sec
----------------------------------------------------------
Test Passed.
"packetmath_14" end time: May 24 11:00 CEST
"packetmath_14" time elapsed: 00:00:00
----------------------------------------------------------

Unable to find executable: packetmath_15
48/947 Testing: packetmath_15
48/947 Test: packetmath_15
Command: ""
Directory: /home/arsen/projects/optimizer-bench/optlib/build/_deps/eigen3-build/test
"packetmath_15" start time: 
Output:
----------------------------------------------------------
<end of output>
Test time =   0.00 sec
----------------------------------------------------------
Test Passed.
"packetmath_15" end time: May 24 11:00 CEST
"packetmath_15" time elapsed: 00:00:00
----------------------------------------------------------

Unable to find executable: vectorization_logic_1
49/947 Testing: vectorization_logic_1
49/947 Test: vectorization_logic_1
Command: ""
Directory: /home/arsen/projects/optimizer-bench/optlib/build/_deps/eigen3-build/test
"vectorization_logic_1" start time: 
Output:
----------------------------------------------------------
<end of output>
Test time =   0.00 sec
----------------------------------------------------------
Test Passed.
"vectorization_logic_1" end time: May 24 11:00 CEST
"vectorization_logic_1" time elapsed: 00:00:00
----------------------------------------------------------

Unable to find executable: vectorization_logic_2
50/947 Testing: vectorization_logic_2
50/947 Test: vectorization_logic_2
Command: ""
Directory: /home/arsen/projects/optimizer-bench/optlib/build/_deps/eigen3-build/test
"vectorization_logic_2" start time: 
Output:
----------------------------------------------------------
<end of output>
Test time =   0.00 sec
----------------------------------------------------------
Test Passed.
"vectorization_logic_2" end time: May 24 11:00 CEST
"vectorization_logic_2" time elapsed: 00:00:00
----------------------------------------------------------

Unable to find executable: basicstuff_1
51/947 Testing: basicstuff_1
51/947 Test: basicstuff_1
Command: ""
Directory: /home/arsen/projects/optimizer-bench/optlib/build/_deps/eigen3-build/test
"basicstuff_1" start time: 
Output:
----------------------------------------------------------
<end of output>
Test time =   0.00 sec
----------------------------------------------------------
Test Passed.
"basicstuff_1" end time: May 24 11:00 CEST
"basicstuff_1" time elapsed: 00:00:00
----------------------------------------------------------

Unable to find executable: basicstuff_2
52/947 Testing: basicstuff_2
52/947 Test: basicstuff_2
Command: ""
Directory: /home/arsen/projects/optimizer-bench/optlib/build/_deps/eigen3-build/test
"basicstuff_2" start time: 
Output:
----------------------------------------------------------
<end of output>
Test time =   0.00 sec
----------------------------------------------------------
Test Passed.
"basicstuff_2" end time: May 24 11:00 CEST
"basicstuff_2" time elapsed: 00:00:00
----------------------------------------------------------

Unable to find executable: basicstuff_3
53/947 Testing: basicstuff_3
53/947 Test: basicstuff_3
Command: ""
Directory: /home/arsen/projects/optimizer-bench/optlib/build/_deps/eigen3-build/test
"basicstuff_3" start time: 
Output:
----------------------------------------------------------
<end of output>
Test time =   0.00 sec
----------------------------------------------------------
Test Passed.
"basicstuff_3" end time: May 24 11:00 CEST
"basicstuff_3" time elapsed: 00:00:00
----------------------------------------------------------

Unable to find executable: basicstuff_4
54/947 Testing: basicstuff_4
54/947 Test: basicstuff_4
Command: ""
Directory: /home/arsen/projects/optimizer-bench/optlib/build/_deps/eigen3-build/test
"basicstuff_4" start time: 
Output:
----------------------------------------------------------
<end of output>
Test time =   0.00 sec
----------------------------------------------------------
Test Passed.
"basicstuff_4" end time: May 24 11:00 CEST
"basicstuff_4" time elapsed: 00:00:00
----------------------------------------------------------

Unable to find executable: basicstuff_5
55/947 Testing: basicstuff_5
55/947 Test: basicstuff_5
Command: ""
Directory: /home/arsen/projects/optimizer-bench/optlib/build/_deps/eigen3-build/test
"basicstuff_5" start time: 
Output:
----------------------------------------------------------
<end of output>
Test time =   0.00 sec
----------------------------------------------------------
Test Passed.
"basicstuff_5" end time: May 24 11:00 CEST
"basicstuff_5" time elapsed: 00:00:00
----------------------------------------------------------

Unable to find executable: basicstuff_6
56/947 Testing: basicstuff_6
56/947 Test: basicstuff_6
Command: ""
Directory: /home/arsen/projects/optimizer-bench/optlib/build/_deps/eigen3-build/test
"basicstuff_6" start time: 
Output:
----------------------------------------------------------
<end of output>
Test time =   0.00 sec
----------------------------------------------------------
Test Passed.
"basicstuff_6" end time: May 24 11:00 CEST
"basicstuff_6" time elapsed: 00:00:00
----------------------------------------------------------

Unable to find executable: basicstuff_7
57/947 Testing: basicstuff_7
57/947 Test: basicstuff_7
Command: ""
Directory: /home/arsen/projects/optimizer-bench/optlib/build/_deps/eigen3-build/test
"basicstuff_7" start time: 
Output:
----------------------------------------------------------
<end of output>
Test time =   0.00 sec
----------------------------------------------------------
Test Passed.
"basicstuff_7" end time: May 24 11:00 CEST
"basicstuff_7" time elapsed: 00:00:00
----------------------------------------------------------

Unable to find executable: basicstuff_8
58/947 Testing: basicstuff_8
58/947 Test: basicstuff_8
Command: ""
Directory: /home/arsen/projects/optimizer-bench/optlib/build/_deps/eigen3-build/test
"basicstuff_8" start time: 
Output:
----------------------------------------------------------
<end of output>
Test time =   0.00 sec
----------------------------------------------------------
Test Passed.
"basicstuff_8" end time: May 24 11:00 CEST
"basicstuff_8" time elapsed: 00:00:00
----------------------------------------------------------

Unable to find executable: constructor_1
59/947 Testing: constructor_1
59/947 Test: constructor_1
Command: ""
Directory: /home/arsen/projects/optimizer-bench/optlib/build/_deps/eigen3-build/test
"constructor_1" start time: 
Output:
----------------------------------------------------------
<end of output>
Test time =   0.00 sec
----------------------------------------------------------
Test Passed.
"constructor_1" end time: May 24 11:00 CEST
"constructor_1" time elapsed: 00:00:00
----------------------------------------------------------

Unable to find executable: linearstructure_1
60/947 Testing: linearstructure_1
60/947 Test: linearstructure_1
Command: ""
Directory: /home/arsen/projects/optimizer-bench/optlib/build/_deps/eigen3-build/test
"linearstructure_1" start time: 
Output:
----------------------------------------------------------
<end of output>
Test time =   0.00 sec
----------------------------------------------------------
Test Passed.
"linearstructure_1" end time: May 24 11:00 CEST
"linearstructure_1" time elapsed: 00:00:00
----------------------------------------------------------

Unable to find executable: linearstructure_2
61/947 Testing: linearstructure_2
61/947 Test: linearstructure_2
Command: ""
Directory: /home/arsen/projects/optimizer-bench/optlib/build/_deps/eigen3-build/test
"linearstructure_2" start time: 
Output:
----------------------------------------------------------
<end of output>
Test time =   0.00 sec
----------------------------------------------------------
Test Passed.
"linearstructure_2" end time: May 24 11:00 CEST
"linearstructure_2" time elapsed: 00:00:00
----------------------------------------------------------

Unable to find executable: linearstructure_3
62/947 Testing: linearstructure_3
62/947 Test: linearstructure_3
Command: ""
Directory: /home/arsen/projects/optimizer-bench/optlib/build/_deps/eigen3-build/test
"linearstructure_3" start time: 
Output:
----------------------------------------------------------
<end of output>
Test time =   0.00 sec
----------------------------------------------------------
Test Passed.
"linearstructure_3" end time: May 24 11:00 CEST
"linearstructure_3" time elapsed: 00:00:00
----------------------------------------------------------

Unable to find executable: linearstructure_4
63/947 Testing: linearstructure_4
63/947 Test: linearstructure_4
Command: ""
Directory: /home/arsen/projects/optimizer-bench/optlib/build/_deps/eigen3-build/test
"linearstructure_4" start time: 
Output:
----------------------------------------------------------
<end of output>
Test time =   0.00 sec
----------------------------------------------------------
Test Passed.
"linearstructure_4" end time: May 24 11:00 CEST
"linearstructure_4" time elapsed: 00:00:00
----------------------------------------------------------

Unable to find executable: linearstructure_5
64/947 Testing: linearstructure_5
64/947 Test: linearstructure_5
Command: ""
Directory: /home/arsen/projects/optimizer-bench/optlib/build/_deps/eigen3-build/test
"linearstructure_5" start time: 
Output:
----------------------------------------------------------
<end of output>
Test time =   0.00 sec
----------------------------------------------------------
Test Passed.
"linearstructure_5" end time: May 24 11:00 CEST
"linearstructure_5" time elapsed: 00:00:00
----------------------------------------------------------

Unable to find executable: linearstructure_6
65/947 Testing: linearstructure_6
65/947 Test: linearstructure_6
Command: ""
Directory: /home/arsen/projects/optimizer-bench/optlib/build/_deps/eigen3-build/test
"linearstructure_6" start time: 
Output:
----------------------------------------------------------
<end of output>
Test time =   0.00 sec
----------------------------------------------------------
Test Passed.
"linearstructure_6" end time: May 24 11:00 CEST
"linearstructure_6" time elapsed: 00:00:00
----------------------------------------------------------

Unable to find executable: linearstructure_7
66/947 Testing: linearstructure_7
66/947 Test: linearstructure_7
Command: ""
Directory: /home/arsen/projects/optimizer-bench/optlib/build/_deps/eigen3-build/test
"linearstructure_7" start time: 
Output:
----------------------------------------------------------
<end of output>
Test time =   0.00 sec
----------------------------------------------------------
Test Passed.
"linearstructure_7" end time: May 24 11:00 CEST
"linearstructure_7" time elapsed: 00:00:00
----------------------------------------------------------

Unable to find executable: linearstructure_8
67/947 Testing: linearstructure_8
67/947 Test: linearstructure_8
Command: ""
Directory: /home/arsen/projects/optimizer-bench/optlib/build/_deps/eigen3-build/test
"linearstructure_8" start time: 
Output:
----------------------------------------------------------
<end of output>
Test time =   0.00 sec
----------------------------------------------------------
Test Passed.
"linearstructure_8" end time: May 24 11:00 CEST
"linearstructure_8" time elapsed: 00:00:00
----------------------------------------------------------

Unable to find executable: linearstructure_9
68/947 Testing: linearstructure_9
68/947 Test: linearstructure_9
Command: ""
Directory: /home/arsen/projects/optimizer-bench/optlib/build/_deps/eigen3-build/test
"linearstructure_9" start time: 
Output:
----------------------------------------------------------
<end of output>
Test time =   0.00 sec
----------------------------------------------------------
Test Passed.
"linearstructure_9" end time: May 24 11:00 CEST
"linearstructure_9" time elapsed: 00:00:00
----------------------------------------------------------

Unable to find executable: linearstructure_10
69/947 Testing: linearstructure_10
69/947 Test: linearstructure_10
Command: ""
Directory: /home/arsen/projects/optimizer-bench/optlib/build/_deps/eigen3-build/test
"linearstructure_10" start time: 
Output:
----------------------------------------------------------
<end of output>
Test time =   0.00 sec
----------------------------------------------------------
Test Passed.
"linearstructure_10" end time: May 24 11:00 CEST
"linearstructure_10" time elapsed: 00:00:00
----------------------------------------------------------

Unable to find executable: linearstructure_11
70/947 Testing: linearstructure_11
70/947 Test: linearstructure_11
Command: ""
Directory: /home/arsen/projects/optimizer-bench/optlib/build/_deps/eigen3-build/test
"linearstructure_11" start time: 
Output:
----------------------------------------------------------
<end of output>
Test time =   0.00 sec
----------------------------------------------------------
Test Passed.
"linearstructure_11" end time: May 24 11:00 CEST
"linearstructure_11" time elapsed: 00:00:00
----------------------------------------------------------

Unable to find executable: integer_types_1
71/947 Testing: integer_types_1
71/947 Test: integer_types_1
Command: ""
Directory: /home/arsen/projects/optimizer-bench/optlib/build/_deps/eigen3-build/test
"integer_types_1" start time: 
Output:
----------------------------------------------------------
<end of output>
Test time =   0.00 sec
----------------------------------------------------------
Test Passed.
"integer_types_1" end time: May 24 11:00 CEST
"integer_types_1" time elapsed: 00:00:00
----------------------------------------------------------

Unable to find executable: integer_types_2
72/947 Testing: integer_types_2
72/947 Test: integer_types_2
Command: ""
Directory: /home/arsen/projects/optimizer-bench/optlib/build/_deps/eigen3-build/test
"integer_types_2" start time: 
Output:
----------------------------------------------------------
<end of output>
Test time =   0.00 sec
----------------------------------------------------------
Test Passed.
"integer_types_2" end time: May 24 11:00 CEST
"integer_types_2" time elapsed: 00:00:00
----------------------------------------------------------

Unable to find executable: integer_types_3
73/947 Testing: integer_types_3
73/947 Test: integer_types_3
Command: ""
Directory: /home/arsen/projects/optimizer-bench/optlib/build/_deps/eigen3-build/test
"integer_types_3" start time: 
Output:
----------------------------------------------------------
<end of output>
Test time =   0.00 sec
----------------------------------------------------------
Test Passed.
"integer_types_3" end time: May 24 11:00 CEST
"integer_types_3" time elapsed: 00:00:00
----------------------------------------------------------

Unable to find executable: integer_types_4
74/947 Testing: integer_types_4
74/947 Test: integer_types_4
Command: ""
Directory: /home/arsen/projects/optimizer-bench/optlib/build/_deps/eigen3-build/test
"integer_types_4" start time: 
Output:
----------------------------------------------------------
<end of output>
Test time =   0.00 sec
----------------------------------------------------------
Test Passed.
"integer_types_4" end time: May 24 11:00 CEST
"integer_types_4" time elapsed: 00:00:00
----------------------------------------------------------

Unable to find executable: integer_types_5
75/947 Testing: integer_types_5
75/947 Test: integer_types_5
Command: ""
Directory: /home/arsen/projects/optimizer-bench/optlib/build/_deps/eigen3-build/test
"integer_types_5" start time: 
Output:
----------------------------------------------------------
<end of output>
Test time =   0.00 sec
----------------------------------------------------------
Test Passed.
"integer_types_5" end time: May 24 11:00 CEST
"integer_types_5" time elapsed: 00:00:00
----------------------------------------------------------

Unable to find executable: integer_types_6
76/947 Testing: integer_types_6
76/947 Test: integer_types_6
Command: ""
Directory: /home/arsen/projects/optimizer-bench/optlib/build/_deps/eigen3-build/test
"integer_types_6" start time: 
Output:
----------------------------------------------------------
<end of output>
Test time =   0.00 sec
----------------------------------------------------------
Test Passed.
"integer_types_6" end time: May 24 11:00 CEST
"integer_types_6" time elapsed: 00:00:00
----------------------------------------------------------

Unable to find executable: integer_types_7
77/947 Testing: integer_types_7
77/947 Test: integer_types_7
Command: ""
Directory: /home/arsen/projects/optimizer-bench/optlib/build/_deps/eigen3-build/test
"integer_types_7" start time: 
Output:
----------------------------------------------------------
<end of output>
Test time =   0.00 sec
----------------------------------------------------------
Test Passed.
"integer_types_7" end time: May 24 11:00 CEST
"integer_types_7" time elapsed: 00:00:00
----------------------------------------------------------

Unable to find executable: integer_types_8
78/947 Testing: integer_types_8
78/947 Test: integer_types_8
Command: ""
Directory: /home/arsen/projects/optimizer-bench/optlib/build/_deps/eigen3-build/test
"integer_types_8" start time: 
Output:
----------------------------------------------------------
<end of output>
Test time =   0.00 sec
----------------------------------------------------------
Test Passed.
"integer_types_8" end time: May 24 11:00 CEST
"integer_types_8" time elapsed: 00:00:00
----------------------------------------------------------

Unable to find executable: integer_types_9
79/947 Testing: integer_types_9
79/947 Test: integer_types_9
Command: ""
Directory: /home/arsen/projects/optimizer-bench/optlib/build/_deps/eigen3-build/test
"integer_types_9" start time: 
Output:
----------------------------------------------------------
<end of output>
Test time =   0.00 sec
----------------------------------------------------------
Test Passed.
"integer_types_9" end time: May 24 11:00 CEST
"integer_types_9" time elapsed: 00:00:00
----------------------------------------------------------

Unable to find executable: unalignedcount
80/947 Testing: unalignedcount
80/947 Test: unalignedcount
Command: ""
Directory: /home/arsen/projects/optimizer-bench/optlib/build/_deps/eigen3-build/test
"unalignedcount" start time: 
Output:
----------------------------------------------------------
<end of output>
Test time =   0.00 sec
----------------------------------------------------------
Test Passed.
"unalignedcount" end time: May 24 11:00 CEST
"unalignedcount" time elapsed: 00:00:00
----------------------------------------------------------

Unable to find executable: exceptions
81/947 Testing: exceptions
81/947 Test: exceptions
Command: ""
Directory: /home/arsen/projects/optimizer-bench/optlib/build/_deps/eigen3-build/test
"exceptions" start time: 
Output:
----------------------------------------------------------
<end of output>
Test time =   0.00 sec
----------------------------------------------------------
Test Passed.
"exceptions" end time: May 24 11:00 CEST
"exceptions" time elapsed: 00:00:00
----------------------------------------------------------

Unable to find executable: redux_1
82/947 Testing: redux_1
82/947 Test: redux_1
Command: ""
Directory: /home/arsen/projects/optimizer-bench/optlib/build/_deps/eigen3-build/test
"redux_1" start time: 
Output:
----------------------------------------------------------
<end of output>
Test time =   0.00 sec
----------------------------------------------------------
Test Passed.
"redux_1" end time: May 24 11:00 CEST
"redux_1" time elapsed: 00:00:00
----------------------------------------------------------

Unable to find executable: redux_2
83/947 Testing: redux_2
83/947 Test: redux_2
Command: ""
Directory: /home/arsen/projects/optimizer-bench/optlib/build/_deps/eigen3-build/test
"redux_2" start time: 
Output:
----------------------------------------------------------
<end of output>
Test time =   0.00 sec
----------------------------------------------------------
Test Passed.
"redux_2" end time: May 24 11:00 CEST
"redux_2" time elapsed: 00:00:00
----------------------------------------------------------

Unable to find executable: redux_3
84/947 Testing: redux_3
84/947 Test: redux_3
Command: ""
Directory: /home/arsen/projects/optimizer-bench/optlib/build/_deps/eigen3-build/test
"redux_3" start time: 
Output:
----------------------------------------------------------
<end of output>
Test time =   0.00 sec
----------------------------------------------------------
Test Passed.
"redux_3" end time: May 24 11:00 CEST
"redux_3" time elapsed: 00:00:00
----------------------------------------------------------

Unable to find executable: redux_4
85/947 Testing: redux_4
85/947 Test: redux_4
Command: ""
Directory: /home/arsen/projects/optimizer-bench/optlib/build/_deps/eigen3-build/test
"redux_4" start time: 
Output:
----------------------------------------------------------
<end of output>
Test time =   0.00 sec
----------------------------------------------------------
Test Passed.
"redux_4" end time: May 24 11:00 CEST
"redux_4" time elapsed: 00:00:00
----------------------------------------------------------

Unable to find executable: redux_5
86/947 Testing: redux_5
86/947 Test: redux_5
Command: ""
Directory: /home/arsen/projects/optimizer-bench/optlib/build/_deps/eigen3-build/test
"redux_5" start time: 
Output:
----------------------------------------------------------
<end of output>
Test time =   0.00 sec
----------------------------------------------------------
Test Passed.
"redux_5" end time: May 24 11:00 CEST
"redux_5" time elapsed: 00:00:00
----------------------------------------------------------

Unable to find executable: redux_6
87/947 Testing: redux_6
87/947 Test: redux_6
Command: ""
Directory: /home/arsen/projects/optimizer-bench/optlib/build/_deps/eigen3-build/test
"redux_6" start time: 
Output:
----------------------------------------------------------
<end of output>
Test time =   0.00 sec
----------------------------------------------------------
Test Passed.
"redux_6" end time: May 24 11:00 CEST
"redux_6" time elapsed: 00:00:00
----------------------------------------------------------

Unable to find executable: redux_7
88/947 Testing: redux_7
88/947 Test: redux_7
Command: ""
Directory: /home/arsen/projects/optimizer-bench/optlib/build/_deps/eigen3-build/test
"redux_7" start time: 
Output:
----------------------------------------------------------
<end of output>
Test time =   0.00 sec
----------------------------------------------------------
Test Passed.
"redux_7" end time: May 24 11:00 CEST
"redux_7" time elapsed: 00:00:00
----------------------------------------------------------

Unable to find executable: redux_8
89/947 Testing: redux_8
89/947 Test: redux_8
Command: ""
Directory: /home/arsen/projects/optimizer-bench/optlib/build/_deps/eigen3-build/test
"redux_8" start time: 
Output:
----------------------------------------------------------
<end of output>
Test time =   0.00 sec
----------------------------------------------------------
Test Passed.
"redux_8" end time: May 24 11:00 CEST
"redux_8" time elapsed: 00:00:00
----------------------------------------------------------

Unable to find executable: visitor_1
90/947 Testing: visitor_1
90/947 Test: visitor_1
Command: ""
Directory: /home/arsen/projects/optimizer-bench/optlib/build/_deps/eigen3-build/test
"visitor_1" start time: 
Output:
----------------------------------------------------------
<end of output>
Test time =   0.00 sec
----------------------------------------------------------
Test Passed.
"visitor_1" end time: May 24 11:00 CEST
"visitor_1" time elapsed: 00:00:00
----------------------------------------------------------

Unable to find executable: visitor_2
91/947 Testing: visitor_2
91/947 Test: visitor_2
Command: ""
Directory: /home/arsen/projects/optimizer-bench/optlib/build/_deps/eigen3-build/test
"visitor_2" start time: 
Output:
----------------------------------------------------------
<end of output>
Test time =   0.00 sec
----------------------------------------------------------
Test Passed.
"visitor_2" end time: May 24 11:00 CEST
"visitor_2" time elapsed: 00:00:00
----------------------------------------------------------

Unable to find executable: visitor_3
92/947 Testing: visitor_3
92/947 Test: visitor_3
Command: ""
Directory: /home/arsen/projects/optimizer-bench/optlib/build/_deps/eigen3-build/test
"visitor_3" start time: 
Output:
----------------------------------------------------------
<end of output>
Test time =   0.00 sec
----------------------------------------------------------
Test Passed.
"visitor_3" end time: May 24 11:00 CEST
"visitor_3" time elapsed: 00:00:00
----------------------------------------------------------

Unable to find executable: visitor_4
93/947 Testing: visitor_4
93/947 Test: visitor_4
Command: ""
Directory: /home/arsen/projects/optimizer-bench/optlib/build/_deps/eigen3-build/test
"visitor_4" start time: 
Output:
----------------------------------------------------------
<end of output>
Test time =   0.00 sec
----------------------------------------------------------
Test Passed.
"visitor_4" end time: May 24 11:00 CEST
"visitor_4" time elapsed: 00:00:00
----------------------------------------------------------

Unable to find executable: visitor_5
94/947 Testing: visitor_5
94/947 Test: visitor_5
Command: ""
Directory: /home/arsen/projects/optimizer-bench/optlib/build/_deps/eigen3-build/test
"visitor_5" start time: 
Output:
----------------------------------------------------------
<end of output>
Test time =   0.00 sec
----------------------------------------------------------
Test Passed.
"visitor_5" end time: May 24 11:00 CEST
"visitor_5" time elapsed: 00:00:00
----------------------------------------------------------

Unable to find executable: visitor_6
95/947 Testing: visitor_6
95/947 Test: visitor_6
Command: ""
Directory: /home/arsen/projects/optimizer-bench/optlib/build/_deps/eigen3-build/test
"visitor_6" start time: 
Output:
----------------------------------------------------------
<end of output>
Test time =   0.00 sec
----------------------------------------------------------
Test Passed.
"visitor_6" end time: May 24 11:00 CEST
"visitor_6" time elapsed: 00:00:00
----------------------------------------------------------

Unable to find executable: visitor_7
96/947 Testing: visitor_7
96/947 Test: visitor_7
Command: ""
Directory: /home/arsen/projects/optimizer-bench/optlib/build/_deps/eigen3-build/test
"visitor_7" start time: 
Output:
----------------------------------------------------------
<end of output>
Test time =   0.00 sec
----------------------------------------------------------
Test Passed.
"visitor_7" end time: May 24 11:00 CEST
"visitor_7" time elapsed: 00:00:00
----------------------------------------------------------

Unable to find executable: visitor_8
97/947 Testing: visitor_8
97/947 Test: visitor_8
Command: ""
Directory: /home/arsen/projects/optimizer-bench/optlib/build/_deps/eigen3-build/test
"visitor_8" start time: 
Output:
----------------------------------------------------------
<end of output>
Test time =   0.00 sec
----------------------------------------------------------
Test Passed.
"visitor_8" end time: May 24 11:00 CEST
"visitor_8" time elapsed: 00:00:00
----------------------------------------------------------

Unable to find executable: visitor_9
98/947 Testing: visitor_9
98/947 Test: visitor_9
Command: ""
Directory: /home/arsen/projects/optimizer-bench/optlib/build/_deps/eigen3-build/test
"visitor_9" start time: 
Output:
----------------------------------------------------------
<end of output>
Test time =   0.00 sec
----------------------------------------------------------
Test Passed.
"visitor_9" end time: May 24 11:00 CEST
"visitor_9" time elapsed: 00:00:00
----------------------------------------------------------

Unable to find executable: visitor_10
99/947 Testing: visitor_10
99/947 Test: visitor_10
Command: ""
Directory: /home/arsen/projects/optimizer-bench/optlib/build/_deps/eigen3-build/test
"visitor_10" start time: 
Output:
----------------------------------------------------------
<end of output>
Test time =   0.00 sec
----------------------------------------------------------
Test Passed.
"visitor_10" end time: May 24 11:00 CEST
"visitor_10" time elapsed: 00:00:00
----------------------------------------------------------

Unable to find executable: block_1
100/947 Testing: block_1
100/947 Test: block_1
Command: ""
Directory: /home/arsen/projects/optimizer-bench/optlib/build/_deps/eigen3-build/test
"block_1" start time: 
Output:
----------------------------------------------------------
<end of output>
Test time =   0.00 sec
----------------------------------------------------------
Test Passed.
"block_1" end time: May 24 11:00 CEST
"block_1" time elapsed: 00:00:00
----------------------------------------------------------

Unable to find executable: block_2
101/947 Testing: block_2
101/947 Test: block_2
Command: ""
Directory: /home/arsen/projects/optimizer-bench/optlib/build/_deps/eigen3-build/test
"block_2" start time: 
Output:
----------------------------------------------------------
<end of output>
Test time =   0.00 sec
----------------------------------------------------------
Test Passed.
"block_2" end time: May 24 11:00 CEST
"block_2" time elapsed: 00:00:00
----------------------------------------------------------

Unable to find executable: block_3
102/947 Testing: block_3
102/947 Test: block_3
Command: ""
Directory: /home/arsen/projects/optimizer-bench/optlib/build/_deps/eigen3-build/test
"block_3" start time: 
Output:
----------------------------------------------------------
<end of output>
Test time =   0.00 sec
----------------------------------------------------------
Test Passed.
"block_3" end time: May 24 11:00 CEST
"block_3" time elapsed: 00:00:00
----------------------------------------------------------

Unable to find executable: block_4
103/947 Testing: block_4
103/947 Test: block_4
Command: ""
Directory: /home/arsen/projects/optimizer-bench/optlib/build/_deps/eigen3-build/test
"block_4" start time: 
Output:
----------------------------------------------------------
<end of output>
Test time =   0.00 sec
----------------------------------------------------------
Test Passed.
"block_4" end time: May 24 11:00 CEST
"block_4" time elapsed: 00:00:00
----------------------------------------------------------

Unable to find executable: block_5
104/947 Testing: block_5
104/947 Test: block_5
Command: ""
Directory: /home/arsen/projects/optimizer-bench/optlib/build/_deps/eigen3-build/test
"block_5" start time: 
Output:
----------------------------------------------------------
<end of output>
Test time =   0.00 sec
----------------------------------------------------------
Test Passed.
"block_5" end time: May 24 11:00 CEST
"block_5" time elapsed: 00:00:00
----------------------------------------------------------

Unable to find executable: block_6
105/947 Testing: block_6
105/947 Test: block_6
Command: ""
Directory: /home/arsen/projects/optimizer-bench/optlib/build/_deps/eigen3-build/test
"block_6" start time: 
Output:
----------------------------------------------------------
<end of output>
Test time =   0.00 sec
----------------------------------------------------------
Test Passed.
"block_6" end time: May 24 11:00 CEST
"block_6" time elapsed: 00:00:00
----------------------------------------------------------

Unable to find executable: block_7
106/947 Testing: block_7
106/947 Test: block_7
Command: ""
Directory: /home/arsen/projects/optimizer-bench/optlib/build/_deps/eigen3-build/test
"block_7" start time: 
Output:
----------------------------------------------------------
<end of output>
Test time =   0.00 sec
----------------------------------------------------------
Test Passed.
"block_7" end time: May 24 11:00 CEST
"block_7" time elapsed: 00:00:00
----------------------------------------------------------

Unable to find executable: block_8
107/947 Testing: block_8
107/947 Test: block_8
Command: ""
Directory: /home/arsen/projects/optimizer-bench/optlib/build/_deps/eigen3-build/test
"block_8" start time: 
Output:
----------------------------------------------------------
<end of output>
Test time =   0.00 sec
----------------------------------------------------------
Test Passed.
"block_8" end time: May 24 11:00 CEST
"block_8" time elapsed: 00:00:00
----------------------------------------------------------

Unable to find executable: corners_1
108/947 Testing: corners_1
108/947 Test: corners_1
Command: ""
Directory: /home/arsen/projects/optimizer-bench/optlib/build/_deps/eigen3-build/test
"corners_1" start time: 
Output:
----------------------------------------------------------
<end of output>
Test time =   0.00 sec
----------------------------------------------------------
Test Passed.
"corners_1" end time: May 24 11:00 CEST
"corners_1" time elapsed: 00:00:00
----------------------------------------------------------

Unable to find executable: corners_2
109/947 Testing: corners_2
109/947 Test: corners_2
Command: ""
Directory: /home/arsen/projects/optimizer-bench/optlib/build/_deps/eigen3-build/test
"corners_2" start time: 
Output:
----------------------------------------------------------
<end of output>
Test time =   0.00 sec
----------------------------------------------------------
Test Passed.
"corners_2" end time: May 24 11:00 CEST
"corners_2" time elapsed: 00:00:00
----------------------------------------------------------

Unable to find executable: corners_3
110/947 Testing: corners_3
110/947 Test: corners_3
Command: ""
Directory: /home/arsen/projects/optimizer-bench/optlib/build/_deps/eigen3-build/test
"corners_3" start time: 
Output:
----------------------------------------------------------
<end of output>
Test time =   0.00 sec
----------------------------------------------------------
Test Passed.
"corners_3" end time: May 24 11:00 CEST
"corners_3" time elapsed: 00:00:00
----------------------------------------------------------

Unable to find executable: corners_4
111/947 Testing: corners_4
111/947 Test: corners_4
Command: ""
Directory: /home/arsen/projects/optimizer-bench/optlib/build/_deps/eigen3-build/test
"corners_4" start time: 
Output:
----------------------------------------------------------
<end of output>
Test time =   0.00 sec
----------------------------------------------------------
Test Passed.
"corners_4" end time: May 24 11:00 CEST
"corners_4" time elapsed: 00:00:00
----------------------------------------------------------

Unable to find executable: corners_5
112/947 Testing: corners_5
112/947 Test: corners_5
Command: ""
Directory: /home/arsen/projects/optimizer-bench/optlib/build/_deps/eigen3-build/test
"corners_5" start time: 
Output:
----------------------------------------------------------
<end of output>
Test time =   0.00 sec
----------------------------------------------------------
Test Passed.
"corners_5" end time: May 24 11:00 CEST
"corners_5" time elapsed: 00:00:00
----------------------------------------------------------

Unable to find executable: symbolic_index_2
113/947 Testing: symbolic_index_2
113/947 Test: symbolic_index_2
Command: ""
Directory: /home/arsen/projects/optimizer-bench/optlib/build/_deps/eigen3-build/test
"symbolic_index_2" start time: 
Output:
----------------------------------------------------------
<end of output>
Test time =   0.00 sec
----------------------------------------------------------
Test Passed.
"symbolic_index_2" end time: May 24 11:00 CEST
"symbolic_index_2" time elapsed: 00:00:00
----------------------------------------------------------

Unable to find executable: symbolic_index_1
114/947 Testing: symbolic_index_1
114/947 Test: symbolic_index_1
Command: ""
Directory: /home/arsen/projects/optimizer-bench/optlib/build/_deps/eigen3-build/test
"symbolic_index_1" start time: 
Output:
----------------------------------------------------------
<end of output>
Test time =   0.00 sec
----------------------------------------------------------
Test Passed.
"symbolic_index_1" end time: May 24 11:00 CEST
"symbolic_index_1" time elapsed: 00:00:00
----------------------------------------------------------

Unable to find executable: indexed_view_2
115/947 Testing: indexed_view_2
115/947 Test: indexed_view_2
Command: ""
Directory: /home/arsen/projects/optimizer-bench/optlib/build/_deps/eigen3-build/test
"indexed_view_2" start time: 
Output:
----------------------------------------------------------
<end of output>
Test time =   0.00 sec
----------------------------------------------------------
Test Passed.
"indexed_view_2" end time: May 24 11:00 CEST
"indexed_view_2" time elapsed: 00:00:00
----------------------------------------------------------

Unable to find executable: indexed_view_3
116/947 Testing: indexed_view_3
116/947 Test: indexed_view_3
Command: ""
Directory: /home/arsen/projects/optimizer-bench/optlib/build/_deps/eigen3-build/test
"indexed_view_3" start time: 
Output:
----------------------------------------------------------
<end of output>
Test time =   0.00 sec
----------------------------------------------------------
Test Passed.
"indexed_view_3" end time: May 24 11:00 CEST
"indexed_view_3" time elapsed: 00:00:00
----------------------------------------------------------

Unable to find executable: indexed_view_1
117/947 Testing: indexed_view_1
117/947 Test: indexed_view_1
Command: ""
Directory: /home/arsen/projects/optimizer-bench/optlib/build/_deps/eigen3-build/test
"indexed_view_1" start time: 
Output:
----------------------------------------------------------
<end of output>
Test time =   0.00 sec
----------------------------------------------------------
Test Passed.
"indexed_view_1" end time: May 24 11:00 CEST
"indexed_view_1" time elapsed: 00:00:00
----------------------------------------------------------

Unable to find executable: reshape
118/947 Testing: reshape
118/947 Test: reshape
Command: ""
Directory: /home/arsen/projects/optimizer-bench/optlib/build/_deps/eigen3-build/test
"reshape" start time: 
Output:
----------------------------------------------------------
<end of output>
Test time =   0.00 sec
----------------------------------------------------------
Test Passed.
"reshape" end time: May 24 11:00 CEST
"reshape" time elapsed: 00:00:00
----------------------------------------------------------

Unable to find executable: swap_1
119/947 Testing: swap_1
119/947 Test: swap_1
Command: ""
Directory: /home/arsen/projects/optimizer-bench/optlib/build/_deps/eigen3-build/test
"swap_1" start time: 
Output:
----------------------------------------------------------
<end of output>
Test time =   0.00 sec
----------------------------------------------------------
Test Passed.
"swap_1" end time: May 24 11:00 CEST
"swap_1" time elapsed: 00:00:00
----------------------------------------------------------

Unable to find executable: swap_2
120/947 Testing: swap_2
120/947 Test: swap_2
Command: ""
Directory: /home/arsen/projects/optimizer-bench/optlib/build/_deps/eigen3-build/test
"swap_2" start time: 
Output:
----------------------------------------------------------
<end of output>
Test time =   0.00 sec
----------------------------------------------------------
Test Passed.
"swap_2" end time: May 24 11:00 CEST
"swap_2" time elapsed: 00:00:00
----------------------------------------------------------

Unable to find executable: swap_3
121/947 Testing: swap_3
121/947 Test: swap_3
Command: ""
Directory: /home/arsen/projects/optimizer-bench/optlib/build/_deps/eigen3-build/test
"swap_3" start time: 
Output:
----------------------------------------------------------
<end of output>
Test time =   0.00 sec
----------------------------------------------------------
Test Passed.
"swap_3" end time: May 24 11:00 CEST
"swap_3" time elapsed: 00:00:00
----------------------------------------------------------

Unable to find executable: swap_4
122/947 Testing: swap_4
122/947 Test: swap_4
Command: ""
Directory: /home/arsen/projects/optimizer-bench/optlib/build/_deps/eigen3-build/test
"swap_4" start time: 
Output:
----------------------------------------------------------
<end of output>
Test time =   0.00 sec
----------------------------------------------------------
Test Passed.
"swap_4" end time: May 24 11:00 CEST
"swap_4" time elapsed: 00:00:00
----------------------------------------------------------

Unable to find executable: resize
123/947 Testing: resize
123/947 Test: resize
Command: ""
Directory: /home/arsen/projects/optimizer-bench/optlib/build/_deps/eigen3-build/test
"resize" start time: 
Output:
----------------------------------------------------------
<end of output>
Test time =   0.00 sec
----------------------------------------------------------
Test Passed.
"resize" end time: May 24 11:00 CEST
"resize" time elapsed: 00:00:00
----------------------------------------------------------

Unable to find executable: conservative_resize_1
124/947 Testing: conservative_resize_1
124/947 Test: conservative_resize_1
Command: ""
Directory: /home/arsen/projects/optimizer-bench/optlib/build/_deps/eigen3-build/test
"conservative_resize_1" start time: 
Output:
----------------------------------------------------------
<end of output>
Test time =   0.00 sec
----------------------------------------------------------
Test Passed.
"conservative_resize_1" end time: May 24 11:00 CEST
"conservative_resize_1" time elapsed: 00:00:00
----------------------------------------------------------

Unable to find executable: conservative_resize_2
125/947 Testing: conservative_resize_2
125/947 Test: conservative_resize_2
Command: ""
Directory: /home/arsen/projects/optimizer-bench/optlib/build/_deps/eigen3-build/test
"conservative_resize_2" start time: 
Output:
----------------------------------------------------------
<end of output>
Test time =   0.00 sec
----------------------------------------------------------
Test Passed.
"conservative_resize_2" end time: May 24 11:00 CEST
"conservative_resize_2" time elapsed: 00:00:00
----------------------------------------------------------

Unable to find executable: conservative_resize_3
126/947 Testing: conservative_resize_3
126/947 Test: conservative_resize_3
Command: ""
Directory: /home/arsen/projects/optimizer-bench/optlib/build/_deps/eigen3-build/test
"conservative_resize_3" start time: 
Output:
----------------------------------------------------------
<end of output>
Test time =   0.00 sec
----------------------------------------------------------
Test Passed.
"conservative_resize_3" end time: May 24 11:00 CEST
"conservative_resize_3" time elapsed: 00:00:00
----------------------------------------------------------

Unable to find executable: conservative_resize_4
127/947 Testing: conservative_resize_4
127/947 Test: conservative_resize_4
Command: ""
Directory: /home/arsen/projects/optimizer-bench/optlib/build/_deps/eigen3-build/test
"conservative_resize_4" start time: 
Output:
----------------------------------------------------------
<end of output>
Test time =   0.00 sec
----------------------------------------------------------
Test Passed.
"conservative_resize_4" end time: May 24 11:00 CEST
"conservative_resize_4" time elapsed: 00:00:00
----------------------------------------------------------

Unable to find executable: conservative_resize_5
128/947 Testing: conservative_resize_5
128/947 Test: conservative_resize_5
Command: ""
Directory: /home/arsen/projects/optimizer-bench/optlib/build/_deps/eigen3-build/test
"conservative_resize_5" start time: 
Output:
----------------------------------------------------------
<end of output>
Test time =   0.00 sec
----------------------------------------------------------
Test Passed.
"conservative_resize_5" end time: May 24 11:00 CEST
"conservative_resize_5" time elapsed: 00:00:00
----------------------------------------------------------

Unable to find executable: conservative_resize_6
129/947 Testing: conservative_resize_6
129/947 Test: conservative_resize_6
Command: ""
Directory: /home/arsen/projects/optimizer-bench/optlib/build/_deps/eigen3-build/test
"conservative_resize_6" start time: 
Output:
----------------------------------------------------------
<end of output>
Test time =   0.00 sec
----------------------------------------------------------
Test Passed.
"conservative_resize_6" end time: May 24 11:00 CEST
"conservative_resize_6" time elapsed: 00:00:00
----------------------------------------------------------

Unable to find executable: product_small_1
130/947 Testing: product_small_1
130/947 Test: product_small_1
Command: ""
Directory: /home/arsen/projects/optimizer-bench/optlib/build/_deps/eigen3-build/test
"product_small_1" start time: 
Output:
----------------------------------------------------------
<end of output>
Test time =   0.00 sec
----------------------------------------------------------
Test Passed.
"product_small_1" end time: May 24 11:00 CEST
"product_small_1" time elapsed: 00:00:00
----------------------------------------------------------

Unable to find executable: product_small_2
131/947 Testing: product_small_2
131/947 Test: product_small_2
Command: ""
Directory: /home/arsen/projects/optimizer-bench/optlib/build/_deps/eigen3-build/test
"product_small_2" start time: 
Output:
----------------------------------------------------------
<end of output>
Test time =   0.00 sec
----------------------------------------------------------
Test Passed.
"product_small_2" end time: May 24 11:00 CEST
"product_small_2" time elapsed: 00:00:00
----------------------------------------------------------

Unable to find executable: product_small_8
132/947 Testing: product_small_8
132/947 Test: product_small_8
Command: ""
Directory: /home/arsen/projects/optimizer-bench/optlib/build/_deps/eigen3-build/test
"product_small_8" start time: 
Output:
----------------------------------------------------------
<end of output>
Test time =   0.00 sec
----------------------------------------------------------
Test Passed.
"product_small_8" end time: May 24 11:00 CEST
"product_small_8" time elapsed: 00:00:00
----------------------------------------------------------

Unable to find executable: product_small_3
133/947 Testing: product_small_3
133/947 Test: product_small_3
Command: ""
Directory: /home/arsen/projects/optimizer-bench/optlib/build/_deps/eigen3-build/test
"product_small_3" start time: 
Output:
----------------------------------------------------------
<end of output>
Test time =   0.00 sec
----------------------------------------------------------
Test Passed.
"product_small_3" end time: May 24 11:00 CEST
"product_small_3" time elapsed: 00:00:00
----------------------------------------------------------

Unable to find executable: product_small_4
134/947 Testing: product_small_4
134/947 Test: product_small_4
Command: ""
Directory: /home/arsen/projects/optimizer-bench/optlib/build/_deps/eigen3-build/test
"product_small_4" start time: 
Output:
----------------------------------------------------------
<end of output>
Test time =   0.00 sec
----------------------------------------------------------
Test Passed.
"product_small_4" end time: May 24 11:00 CEST
"product_small_4" time elapsed: 00:00:00
----------------------------------------------------------

Unable to find executable: product_small_5
135/947 Testing: product_small_5
135/947 Test: product_small_5
Command: ""
Directory: /home/arsen/projects/optimizer-bench/optlib/build/_deps/eigen3-build/test
"product_small_5" start time: 
Output:
----------------------------------------------------------
<end of output>
Test time =   0.00 sec
----------------------------------------------------------
Test Passed.
"product_small_5" end time: May 24 11:00 CEST
"product_small_5" time elapsed: 00:00:00
----------------------------------------------------------

Unable to find executable: product_small_6
136/947 Testing: product_small_6
136/947 Test: product_small_6
Command: ""
Directory: /home/arsen/projects/optimizer-bench/optlib/build/_deps/eigen3-build/test
"product_small_6" start time: 
Output:
----------------------------------------------------------
<end of output>
Test time =   0.00 sec
----------------------------------------------------------
Test Passed.
"product_small_6" end time: May 24 11:00 CEST
"product_small_6" time elapsed: 00:00:00
----------------------------------------------------------

Unable to find executable: product_small_11
137/947 Testing: product_small_11
137/947 Test: product_small_11
Command: ""
Directory: /home/arsen/projects/optimizer-bench/optlib/build/_deps/eigen3-build/test
"product_small_11" start time: 
Output:
----------------------------------------------------------
<end of output>
Test time =   0.00 sec
----------------------------------------------------------
Test Passed.
"product_small_11" end time: May 24 11:00 CEST
"product_small_11" time elapsed: 00:00:00
----------------------------------------------------------

Unable to find executable: product_small_12
138/947 Testing: product_small_12
138/947 Test: product_small_12
Command: ""
Directory: /home/arsen/projects/optimizer-bench/optlib/build/_deps/eigen3-build/test
"product_small_12" start time: 
Output:
----------------------------------------------------------
<end of output>
Test time =   0.00 sec
----------------------------------------------------------
Test Passed.
"product_small_12" end time: May 24 11:00 CEST
"product_small_12" time elapsed: 00:00:00
----------------------------------------------------------

Unable to find executable: product_small_13
139/947 Testing: product_small_13
139/947 Test: product_small_13
Command: ""
Directory: /home/arsen/projects/optimizer-bench/optlib/build/_deps/eigen3-build/test
"product_small_13" start time: 
Output:
----------------------------------------------------------
<end of output>
Test time =   0.00 sec
----------------------------------------------------------
Test Passed.
"product_small_13" end time: May 24 11:00 CEST
"product_small_13" time elapsed: 00:00:00
----------------------------------------------------------

Unable to find executable: product_small_21
140/947 Testing: product_small_21
140/947 Test: product_small_21
Command: ""
Directory: /home/arsen/projects/optimizer-bench/optlib/build/_deps/eigen3-build/test
"product_small_21" start time: 
Output:
----------------------------------------------------------
<end of output>
Test time =   0.00 sec
----------------------------------------------------------
Test Passed.
"product_small_21" end time: May 24 11:00 CEST
"product_small_21" time elapsed: 00:00:00
----------------------------------------------------------

Unable to find executable: product_small_22
141/947 Testing: product_small_22
141/947 Test: product_small_22
Command: ""
Directory: /home/arsen/projects/optimizer-bench/optlib/build/_deps/eigen3-build/test
"product_small_22" start time: 
Output:
----------------------------------------------------------
<end of output>
Test time =   0.00 sec
----------------------------------------------------------
Test Passed.
"product_small_22" end time: May 24 11:00 CEST
"product_small_22" time elapsed: 00:00:00
----------------------------------------------------------

Unable to find executable: product_small_23
142/947 Testing: product_small_23
142/947 Test: product_small_23
Command: ""
Directory: /home/arsen/projects/optimizer-bench/optlib/build/_deps/eigen3-build/test
"product_small_23" start time: 
Output:
----------------------------------------------------------
<end of output>
Test time =   0.00 sec
----------------------------------------------------------
Test Passed.
"product_small_23" end time: May 24 11:00 CEST
"product_small_23" time elapsed: 00:00:00
----------------------------------------------------------

Unable to find executable: product_small_31
143/947 Testing: product_small_31
143/947 Test: product_small_31
Command: ""
Directory: /home/arsen/projects/optimizer-bench/optlib/build/_deps/eigen3-build/test
"product_small_31" start time: 
Output:
----------------------------------------------------------
<end of output>
Test time =   0.00 sec
----------------------------------------------------------
Test Passed.
"product_small_31" end time: May 24 11:00 CEST
"product_small_31" time elapsed: 00:00:00
----------------------------------------------------------

Unable to find executable: product_small_32
144/947 Testing: product_small_32
144/947 Test: product_small_32
Command: ""
Directory: /home/arsen/projects/optimizer-bench/optlib/build/_deps/eigen3-build/test
"product_small_32" start time: 
Output:
----------------------------------------------------------
<end of output>
Test time =   0.00 sec
----------------------------------------------------------
Test Passed.
"product_small_32" end time: May 24 11:00 CEST
"product_small_32" time elapsed: 00:00:00
----------------------------------------------------------

Unable to find executable: product_small_33
145/947 Testing: product_small_33
145/947 Test: product_small_33
Command: ""
Directory: /home/arsen/projects/optimizer-bench/optlib/build/_deps/eigen3-build/test
"product_small_33" start time: 
Output:
----------------------------------------------------------
<end of output>
Test time =   0.00 sec
----------------------------------------------------------
Test Passed.
"product_small_33" end time: May 24 11:00 CEST
"product_small_33" time elapsed: 00:00:00
----------------------------------------------------------

Unable to find executable: product_small_41
146/947 Testing: product_small_41
146/947 Test: product_small_41
Command: ""
Directory: /home/arsen/projects/optimizer-bench/optlib/build/_deps/eigen3-build/test
"product_small_41" start time: 
Output:
----------------------------------------------------------
<end of output>
Test time =   0.00 sec
----------------------------------------------------------
Test Passed.
"product_small_41" end time: May 24 11:00 CEST
"product_small_41" time elapsed: 00:00:00
----------------------------------------------------------

Unable to find executable: product_small_42
147/947 Testing: product_small_42
147/947 Test: product_small_42
Command: ""
Directory: /home/arsen/projects/optimizer-bench/optlib/build/_deps/eigen3-build/test
"product_small_42" start time: 
Output:
----------------------------------------------------------
<end of output>
Test time =   0.00 sec
----------------------------------------------------------
Test Passed.
"product_small_42" end time: May 24 11:00 CEST
"product_small_42" time elapsed: 00:00:00
----------------------------------------------------------

Unable to find executable: product_small_43
148/947 Testing: product_small_43
148/947 Test: product_small_43
Command: ""
Directory: /home/arsen/projects/optimizer-bench/optlib/build/_deps/eigen3-build/test
"product_small_43" start time: 
Output:
----------------------------------------------------------
<end of output>
Test time =   0.00 sec
----------------------------------------------------------
Test Passed.
"product_small_43" end time: May 24 11:00 CEST
"product_small_43" time elapsed: 00:00:00
----------------------------------------------------------

[...]
----------------------------------------------------------

933/947 Testing: LBFGS.Rosenbrock10D
933/947 Test: LBFGS.Rosenbrock10D
Command: "/home/arsen/projects/optimizer-bench/optlib/build/tests/optlib_tests" "--gtest_filter=LBFGS.Rosenbrock10D" "--gtest_also_run_disabled_tests"
Directory: /home/arsen/projects/optimizer-bench/optlib/build/tests
"LBFGS.Rosenbrock10D" start time: May 24 11:02 CEST
Output:
----------------------------------------------------------
Running main() from /home/arsen/projects/optimizer-bench/optlib/build/_deps/googletest-src/googletest/src/gtest_main.cc
Note: Google Test filter = LBFGS.Rosenbrock10D
[==========] Running 1 test from 1 test suite.
[----------] Global test environment set-up.
[----------] 1 test from LBFGS
[ RUN      ] LBFGS.Rosenbrock10D
[       OK ] LBFGS.Rosenbrock10D (0 ms)
[----------] 1 test from LBFGS (0 ms total)

[----------] Global test environment tear-down
[==========] 1 test from 1 test suite ran. (0 ms total)
[  PASSED  ] 1 test.
<end of output>
Test time =   0.00 sec
----------------------------------------------------------
Test Passed.
"LBFGS.Rosenbrock10D" end time: May 24 11:02 CEST
"LBFGS.Rosenbrock10D" time elapsed: 00:00:00
----------------------------------------------------------

934/947 Testing: LBFGS.SphereSmallDim
934/947 Test: LBFGS.SphereSmallDim
Command: "/home/arsen/projects/optimizer-bench/optlib/build/tests/optlib_tests" "--gtest_filter=LBFGS.SphereSmallDim" "--gtest_also_run_disabled_tests"
Directory: /home/arsen/projects/optimizer-bench/optlib/build/tests
"LBFGS.SphereSmallDim" start time: May 24 11:02 CEST
Output:
----------------------------------------------------------
Running main() from /home/arsen/projects/optimizer-bench/optlib/build/_deps/googletest-src/googletest/src/gtest_main.cc
Note: Google Test filter = LBFGS.SphereSmallDim
[==========] Running 1 test from 1 test suite.
[----------] Global test environment set-up.
[----------] 1 test from LBFGS
[ RUN      ] LBFGS.SphereSmallDim
[       OK ] LBFGS.SphereSmallDim (0 ms)
[----------] 1 test from LBFGS (0 ms total)

[----------] Global test environment tear-down
[==========] 1 test from 1 test suite ran. (0 ms total)
[  PASSED  ] 1 test.
<end of output>
Test time =   0.00 sec
----------------------------------------------------------
Test Passed.
"LBFGS.SphereSmallDim" end time: May 24 11:02 CEST
"LBFGS.SphereSmallDim" time elapsed: 00:00:00
----------------------------------------------------------

935/947 Testing: LBFGS.MemoryNEqualsFullBFGS
935/947 Test: LBFGS.MemoryNEqualsFullBFGS
Command: "/home/arsen/projects/optimizer-bench/optlib/build/tests/optlib_tests" "--gtest_filter=LBFGS.MemoryNEqualsFullBFGS" "--gtest_also_run_disabled_tests"
Directory: /home/arsen/projects/optimizer-bench/optlib/build/tests
"LBFGS.MemoryNEqualsFullBFGS" start time: May 24 11:02 CEST
Output:
----------------------------------------------------------
Running main() from /home/arsen/projects/optimizer-bench/optlib/build/_deps/googletest-src/googletest/src/gtest_main.cc
Note: Google Test filter = LBFGS.MemoryNEqualsFullBFGS
[==========] Running 1 test from 1 test suite.
[----------] Global test environment set-up.
[----------] 1 test from LBFGS
[ RUN      ] LBFGS.MemoryNEqualsFullBFGS
[       OK ] LBFGS.MemoryNEqualsFullBFGS (0 ms)
[----------] 1 test from LBFGS (0 ms total)

[----------] Global test environment tear-down
[==========] 1 test from 1 test suite ran. (0 ms total)
[  PASSED  ] 1 test.
<end of output>
Test time =   0.00 sec
----------------------------------------------------------
Test Passed.
"LBFGS.MemoryNEqualsFullBFGS" end time: May 24 11:02 CEST
"LBFGS.MemoryNEqualsFullBFGS" time elapsed: 00:00:00
----------------------------------------------------------

936/947 Testing: LBFGS.TinyMemoryStillConverges
936/947 Test: LBFGS.TinyMemoryStillConverges
Command: "/home/arsen/projects/optimizer-bench/optlib/build/tests/optlib_tests" "--gtest_filter=LBFGS.TinyMemoryStillConverges" "--gtest_also_run_disabled_tests"
Directory: /home/arsen/projects/optimizer-bench/optlib/build/tests
"LBFGS.TinyMemoryStillConverges" start time: May 24 11:02 CEST
Output:
----------------------------------------------------------
Running main() from /home/arsen/projects/optimizer-bench/optlib/build/_deps/googletest-src/googletest/src/gtest_main.cc
Note: Google Test filter = LBFGS.TinyMemoryStillConverges
[==========] Running 1 test from 1 test suite.
[----------] Global test environment set-up.
[----------] 1 test from LBFGS
[ RUN      ] LBFGS.TinyMemoryStillConverges
[       OK ] LBFGS.TinyMemoryStillConverges (0 ms)
[----------] 1 test from LBFGS (0 ms total)

[----------] Global test environment tear-down
[==========] 1 test from 1 test suite ran. (0 ms total)
[  PASSED  ] 1 test.
<end of output>
Test time =   0.00 sec
----------------------------------------------------------
Test Passed.
"LBFGS.TinyMemoryStillConverges" end time: May 24 11:02 CEST
"LBFGS.TinyMemoryStillConverges" time elapsed: 00:00:00
----------------------------------------------------------

937/947 Testing: LBFGS.WorksWithFiniteDiffWrapper
937/947 Test: LBFGS.WorksWithFiniteDiffWrapper
Command: "/home/arsen/projects/optimizer-bench/optlib/build/tests/optlib_tests" "--gtest_filter=LBFGS.WorksWithFiniteDiffWrapper" "--gtest_also_run_disabled_tests"
Directory: /home/arsen/projects/optimizer-bench/optlib/build/tests
"LBFGS.WorksWithFiniteDiffWrapper" start time: May 24 11:02 CEST
Output:
----------------------------------------------------------
Running main() from /home/arsen/projects/optimizer-bench/optlib/build/_deps/googletest-src/googletest/src/gtest_main.cc
Note: Google Test filter = LBFGS.WorksWithFiniteDiffWrapper
[==========] Running 1 test from 1 test suite.
[----------] Global test environment set-up.
[----------] 1 test from LBFGS
[ RUN      ] LBFGS.WorksWithFiniteDiffWrapper
[       OK ] LBFGS.WorksWithFiniteDiffWrapper (0 ms)
[----------] 1 test from LBFGS (0 ms total)

[----------] Global test environment tear-down
[==========] 1 test from 1 test suite ran. (0 ms total)
[  PASSED  ] 1 test.
<end of output>
Test time =   0.00 sec
----------------------------------------------------------
Test Passed.
"LBFGS.WorksWithFiniteDiffWrapper" end time: May 24 11:02 CEST
"LBFGS.WorksWithFiniteDiffWrapper" time elapsed: 00:00:00
----------------------------------------------------------

938/947 Testing: Armijo.QuadraticAcceptsAlphaOneInZeroBacktracks
938/947 Test: Armijo.QuadraticAcceptsAlphaOneInZeroBacktracks
Command: "/home/arsen/projects/optimizer-bench/optlib/build/tests/optlib_tests" "--gtest_filter=Armijo.QuadraticAcceptsAlphaOneInZeroBacktracks" "--gtest_also_run_disabled_tests"
Directory: /home/arsen/projects/optimizer-bench/optlib/build/tests
"Armijo.QuadraticAcceptsAlphaOneInZeroBacktracks" start time: May 24 11:02 CEST
Output:
----------------------------------------------------------
Running main() from /home/arsen/projects/optimizer-bench/optlib/build/_deps/googletest-src/googletest/src/gtest_main.cc
Note: Google Test filter = Armijo.QuadraticAcceptsAlphaOneInZeroBacktracks
[==========] Running 1 test from 1 test suite.
[----------] Global test environment set-up.
[----------] 1 test from Armijo
[ RUN      ] Armijo.QuadraticAcceptsAlphaOneInZeroBacktracks
[       OK ] Armijo.QuadraticAcceptsAlphaOneInZeroBacktracks (0 ms)
[----------] 1 test from Armijo (0 ms total)

[----------] Global test environment tear-down
[==========] 1 test from 1 test suite ran. (0 ms total)
[  PASSED  ] 1 test.
<end of output>
Test time =   0.00 sec
----------------------------------------------------------
Test Passed.
"Armijo.QuadraticAcceptsAlphaOneInZeroBacktracks" end time: May 24 11:02 CEST
"Armijo.QuadraticAcceptsAlphaOneInZeroBacktracks" time elapsed: 00:00:00
----------------------------------------------------------

939/947 Testing: Armijo.ReturnedAlphaSatisfiesArmijo
939/947 Test: Armijo.ReturnedAlphaSatisfiesArmijo
Command: "/home/arsen/projects/optimizer-bench/optlib/build/tests/optlib_tests" "--gtest_filter=Armijo.ReturnedAlphaSatisfiesArmijo" "--gtest_also_run_disabled_tests"
Directory: /home/arsen/projects/optimizer-bench/optlib/build/tests
"Armijo.ReturnedAlphaSatisfiesArmijo" start time: May 24 11:02 CEST
Output:
----------------------------------------------------------
Running main() from /home/arsen/projects/optimizer-bench/optlib/build/_deps/googletest-src/googletest/src/gtest_main.cc
Note: Google Test filter = Armijo.ReturnedAlphaSatisfiesArmijo
[==========] Running 1 test from 1 test suite.
[----------] Global test environment set-up.
[----------] 1 test from Armijo
[ RUN      ] Armijo.ReturnedAlphaSatisfiesArmijo
[       OK ] Armijo.ReturnedAlphaSatisfiesArmijo (0 ms)
[----------] 1 test from Armijo (0 ms total)

[----------] Global test environment tear-down
[==========] 1 test from 1 test suite ran. (0 ms total)
[  PASSED  ] 1 test.
<end of output>
Test time =   0.00 sec
----------------------------------------------------------
Test Passed.
"Armijo.ReturnedAlphaSatisfiesArmijo" end time: May 24 11:02 CEST
"Armijo.ReturnedAlphaSatisfiesArmijo" time elapsed: 00:00:00
----------------------------------------------------------

940/947 Testing: Armijo.BadAlphaInitConverges
940/947 Test: Armijo.BadAlphaInitConverges
Command: "/home/arsen/projects/optimizer-bench/optlib/build/tests/optlib_tests" "--gtest_filter=Armijo.BadAlphaInitConverges" "--gtest_also_run_disabled_tests"
Directory: /home/arsen/projects/optimizer-bench/optlib/build/tests
"Armijo.BadAlphaInitConverges" start time: May 24 11:02 CEST
Output:
----------------------------------------------------------
Running main() from /home/arsen/projects/optimizer-bench/optlib/build/_deps/googletest-src/googletest/src/gtest_main.cc
Note: Google Test filter = Armijo.BadAlphaInitConverges
[==========] Running 1 test from 1 test suite.
[----------] Global test environment set-up.
[----------] 1 test from Armijo
[ RUN      ] Armijo.BadAlphaInitConverges
[       OK ] Armijo.BadAlphaInitConverges (0 ms)
[----------] 1 test from Armijo (0 ms total)

[----------] Global test environment tear-down
[==========] 1 test from 1 test suite ran. (0 ms total)
[  PASSED  ] 1 test.
<end of output>
Test time =   0.00 sec
----------------------------------------------------------
Test Passed.
"Armijo.BadAlphaInitConverges" end time: May 24 11:02 CEST
"Armijo.BadAlphaInitConverges" time elapsed: 00:00:00
----------------------------------------------------------

941/947 Testing: Armijo.MaxIterFallbackIsPositive
941/947 Test: Armijo.MaxIterFallbackIsPositive
Command: "/home/arsen/projects/optimizer-bench/optlib/build/tests/optlib_tests" "--gtest_filter=Armijo.MaxIterFallbackIsPositive" "--gtest_also_run_disabled_tests"
Directory: /home/arsen/projects/optimizer-bench/optlib/build/tests
"Armijo.MaxIterFallbackIsPositive" start time: May 24 11:02 CEST
Output:
----------------------------------------------------------
Running main() from /home/arsen/projects/optimizer-bench/optlib/build/_deps/googletest-src/googletest/src/gtest_main.cc
Note: Google Test filter = Armijo.MaxIterFallbackIsPositive
[==========] Running 1 test from 1 test suite.
[----------] Global test environment set-up.
[----------] 1 test from Armijo
[ RUN      ] Armijo.MaxIterFallbackIsPositive
[       OK ] Armijo.MaxIterFallbackIsPositive (0 ms)
[----------] 1 test from Armijo (0 ms total)

[----------] Global test environment tear-down
[==========] 1 test from 1 test suite ran. (0 ms total)
[  PASSED  ] 1 test.
<end of output>
Test time =   0.00 sec
----------------------------------------------------------
Test Passed.
"Armijo.MaxIterFallbackIsPositive" end time: May 24 11:02 CEST
"Armijo.MaxIterFallbackIsPositive" time elapsed: 00:00:00
----------------------------------------------------------

942/947 Testing: Wolfe.QuadraticAcceptsAlphaOneImmediately
942/947 Test: Wolfe.QuadraticAcceptsAlphaOneImmediately
Command: "/home/arsen/projects/optimizer-bench/optlib/build/tests/optlib_tests" "--gtest_filter=Wolfe.QuadraticAcceptsAlphaOneImmediately" "--gtest_also_run_disabled_tests"
Directory: /home/arsen/projects/optimizer-bench/optlib/build/tests
"Wolfe.QuadraticAcceptsAlphaOneImmediately" start time: May 24 11:02 CEST
Output:
----------------------------------------------------------
Running main() from /home/arsen/projects/optimizer-bench/optlib/build/_deps/googletest-src/googletest/src/gtest_main.cc
Note: Google Test filter = Wolfe.QuadraticAcceptsAlphaOneImmediately
[==========] Running 1 test from 1 test suite.
[----------] Global test environment set-up.
[----------] 1 test from Wolfe
[ RUN      ] Wolfe.QuadraticAcceptsAlphaOneImmediately
[       OK ] Wolfe.QuadraticAcceptsAlphaOneImmediately (0 ms)
[----------] 1 test from Wolfe (0 ms total)

[----------] Global test environment tear-down
[==========] 1 test from 1 test suite ran. (0 ms total)
[  PASSED  ] 1 test.
<end of output>
Test time =   0.00 sec
----------------------------------------------------------
Test Passed.
"Wolfe.QuadraticAcceptsAlphaOneImmediately" end time: May 24 11:02 CEST
"Wolfe.QuadraticAcceptsAlphaOneImmediately" time elapsed: 00:00:00
----------------------------------------------------------

943/947 Testing: Wolfe.ReturnedAlphaSatisfiesBothConditions
943/947 Test: Wolfe.ReturnedAlphaSatisfiesBothConditions
Command: "/home/arsen/projects/optimizer-bench/optlib/build/tests/optlib_tests" "--gtest_filter=Wolfe.ReturnedAlphaSatisfiesBothConditions" "--gtest_also_run_disabled_tests"
Directory: /home/arsen/projects/optimizer-bench/optlib/build/tests
"Wolfe.ReturnedAlphaSatisfiesBothConditions" start time: May 24 11:02 CEST
Output:
----------------------------------------------------------
Running main() from /home/arsen/projects/optimizer-bench/optlib/build/_deps/googletest-src/googletest/src/gtest_main.cc
Note: Google Test filter = Wolfe.ReturnedAlphaSatisfiesBothConditions
[==========] Running 1 test from 1 test suite.
[----------] Global test environment set-up.
[----------] 1 test from Wolfe
[ RUN      ] Wolfe.ReturnedAlphaSatisfiesBothConditions
[       OK ] Wolfe.ReturnedAlphaSatisfiesBothConditions (0 ms)
[----------] 1 test from Wolfe (0 ms total)

[----------] Global test environment tear-down
[==========] 1 test from 1 test suite ran. (0 ms total)
[  PASSED  ] 1 test.
<end of output>
Test time =   0.00 sec
----------------------------------------------------------
Test Passed.
"Wolfe.ReturnedAlphaSatisfiesBothConditions" end time: May 24 11:02 CEST
"Wolfe.ReturnedAlphaSatisfiesBothConditions" time elapsed: 00:00:00
----------------------------------------------------------

944/947 Testing: Wolfe.BadAlphaInitConverges
944/947 Test: Wolfe.BadAlphaInitConverges
Command: "/home/arsen/projects/optimizer-bench/optlib/build/tests/optlib_tests" "--gtest_filter=Wolfe.BadAlphaInitConverges" "--gtest_also_run_disabled_tests"
Directory: /home/arsen/projects/optimizer-bench/optlib/build/tests
"Wolfe.BadAlphaInitConverges" start time: May 24 11:02 CEST
Output:
----------------------------------------------------------
Running main() from /home/arsen/projects/optimizer-bench/optlib/build/_deps/googletest-src/googletest/src/gtest_main.cc
Note: Google Test filter = Wolfe.BadAlphaInitConverges
[==========] Running 1 test from 1 test suite.
[----------] Global test environment set-up.
[----------] 1 test from Wolfe
[ RUN      ] Wolfe.BadAlphaInitConverges
[       OK ] Wolfe.BadAlphaInitConverges (0 ms)
[----------] 1 test from Wolfe (0 ms total)

[----------] Global test environment tear-down
[==========] 1 test from 1 test suite ran. (0 ms total)
[  PASSED  ] 1 test.
<end of output>
Test time =   0.00 sec
----------------------------------------------------------
Test Passed.
"Wolfe.BadAlphaInitConverges" end time: May 24 11:02 CEST
"Wolfe.BadAlphaInitConverges" time elapsed: 00:00:00
----------------------------------------------------------

945/947 Testing: Wolfe.CurvatureConditionHolds
945/947 Test: Wolfe.CurvatureConditionHolds
Command: "/home/arsen/projects/optimizer-bench/optlib/build/tests/optlib_tests" "--gtest_filter=Wolfe.CurvatureConditionHolds" "--gtest_also_run_disabled_tests"
Directory: /home/arsen/projects/optimizer-bench/optlib/build/tests
"Wolfe.CurvatureConditionHolds" start time: May 24 11:02 CEST
Output:
----------------------------------------------------------
Running main() from /home/arsen/projects/optimizer-bench/optlib/build/_deps/googletest-src/googletest/src/gtest_main.cc
Note: Google Test filter = Wolfe.CurvatureConditionHolds
[==========] Running 1 test from 1 test suite.
[----------] Global test environment set-up.
[----------] 1 test from Wolfe
[ RUN      ] Wolfe.CurvatureConditionHolds
[       OK ] Wolfe.CurvatureConditionHolds (0 ms)
[----------] 1 test from Wolfe (0 ms total)

[----------] Global test environment tear-down
[==========] 1 test from 1 test suite ran. (0 ms total)
[  PASSED  ] 1 test.
<end of output>
Test time =   0.00 sec
----------------------------------------------------------
Test Passed.
"Wolfe.CurvatureConditionHolds" end time: May 24 11:02 CEST
"Wolfe.CurvatureConditionHolds" time elapsed: 00:00:00
----------------------------------------------------------

946/947 Testing: Wolfe.RejectsNonDescentDirection
946/947 Test: Wolfe.RejectsNonDescentDirection
Command: "/home/arsen/projects/optimizer-bench/optlib/build/tests/optlib_tests" "--gtest_filter=Wolfe.RejectsNonDescentDirection" "--gtest_also_run_disabled_tests"
Directory: /home/arsen/projects/optimizer-bench/optlib/build/tests
"Wolfe.RejectsNonDescentDirection" start time: May 24 11:02 CEST
Output:
----------------------------------------------------------
Running main() from /home/arsen/projects/optimizer-bench/optlib/build/_deps/googletest-src/googletest/src/gtest_main.cc
Note: Google Test filter = Wolfe.RejectsNonDescentDirection
[==========] Running 1 test from 1 test suite.
[----------] Global test environment set-up.
[----------] 1 test from Wolfe
[ RUN      ] Wolfe.RejectsNonDescentDirection
[       OK ] Wolfe.RejectsNonDescentDirection (0 ms)
[----------] 1 test from Wolfe (0 ms total)

[----------] Global test environment tear-down
[==========] 1 test from 1 test suite ran. (0 ms total)
[  PASSED  ] 1 test.
<end of output>
Test time =   0.00 sec
----------------------------------------------------------
Test Passed.
"Wolfe.RejectsNonDescentDirection" end time: May 24 11:02 CEST
"Wolfe.RejectsNonDescentDirection" time elapsed: 00:00:00
----------------------------------------------------------

947/947 Testing: CrossCheck.WolfeImpliesArmijo
947/947 Test: CrossCheck.WolfeImpliesArmijo
Command: "/home/arsen/projects/optimizer-bench/optlib/build/tests/optlib_tests" "--gtest_filter=CrossCheck.WolfeImpliesArmijo" "--gtest_also_run_disabled_tests"
Directory: /home/arsen/projects/optimizer-bench/optlib/build/tests
"CrossCheck.WolfeImpliesArmijo" start time: May 24 11:02 CEST
Output:
----------------------------------------------------------
Running main() from /home/arsen/projects/optimizer-bench/optlib/build/_deps/googletest-src/googletest/src/gtest_main.cc
Note: Google Test filter = CrossCheck.WolfeImpliesArmijo
[==========] Running 1 test from 1 test suite.
[----------] Global test environment set-up.
[----------] 1 test from CrossCheck
[ RUN      ] CrossCheck.WolfeImpliesArmijo
[       OK ] CrossCheck.WolfeImpliesArmijo (0 ms)
[----------] 1 test from CrossCheck (0 ms total)

[----------] Global test environment tear-down
[==========] 1 test from 1 test suite ran. (0 ms total)
[  PASSED  ] 1 test.
<end of output>
Test time =   0.00 sec
----------------------------------------------------------
Test Passed.
"CrossCheck.WolfeImpliesArmijo" end time: May 24 11:02 CEST
"CrossCheck.WolfeImpliesArmijo" time elapsed: 00:00:00
----------------------------------------------------------

End testing: May 24 11:02 CEST

Official =   0.00 sec*proc

Unsupported =   0.00 sec*proc

smoketest =   0.00 sec*proc

