Start testing: May 23 15:59 CEST
----------------------------------------------------------
Unable to find executable: rand
1/919 Testing: rand
1/919 Test: rand
Command: ""
Directory: /home/arsen/projects/optimizer-bench/optlib/build/_deps/eigen3-build/test
"rand" start time: 
Output:
----------------------------------------------------------
<end of output>
Test time =   0.00 sec
----------------------------------------------------------
Test Passed.
"rand" end time: May 23 15:59 CEST
"rand" time elapsed: 00:00:00
----------------------------------------------------------

Unable to find executable: meta
2/919 Testing: meta
2/919 Test: meta
Command: ""
Directory: /home/arsen/projects/optimizer-bench/optlib/build/_deps/eigen3-build/test
"meta" start time: 
Output:
----------------------------------------------------------
<end of output>
Test time =   0.00 sec
----------------------------------------------------------
Test Passed.
"meta" end time: May 23 15:59 CEST
"meta" time elapsed: 00:00:00
----------------------------------------------------------

Unable to find executable: numext
3/919 Testing: numext
3/919 Test: numext
Command: ""
Directory: /home/arsen/projects/optimizer-bench/optlib/build/_deps/eigen3-build/test
"numext" start time: 
Output:
----------------------------------------------------------
<end of output>
Test time =   0.00 sec
----------------------------------------------------------
Test Passed.
"numext" end time: May 23 15:59 CEST
"numext" time elapsed: 00:00:00
----------------------------------------------------------

Unable to find executable: sizeof
4/919 Testing: sizeof
4/919 Test: sizeof
Command: ""
Directory: /home/arsen/projects/optimizer-bench/optlib/build/_deps/eigen3-build/test
"sizeof" start time: 
Output:
----------------------------------------------------------
<end of output>
Test time =   0.00 sec
----------------------------------------------------------
Test Passed.
"sizeof" end time: May 23 15:59 CEST
"sizeof" time elapsed: 00:00:00
----------------------------------------------------------

Unable to find executable: dynalloc
5/919 Testing: dynalloc
5/919 Test: dynalloc
Command: ""
Directory: /home/arsen/projects/optimizer-bench/optlib/build/_deps/eigen3-build/test
"dynalloc" start time: 
Output:
----------------------------------------------------------
<end of output>
Test time =   0.00 sec
----------------------------------------------------------
Test Passed.
"dynalloc" end time: May 23 15:59 CEST
"dynalloc" time elapsed: 00:00:00
----------------------------------------------------------

Unable to find executable: nomalloc_1
6/919 Testing: nomalloc_1
6/919 Test: nomalloc_1
Command: ""
Directory: /home/arsen/projects/optimizer-bench/optlib/build/_deps/eigen3-build/test
"nomalloc_1" start time: 
Output:
----------------------------------------------------------
<end of output>
Test time =   0.00 sec
----------------------------------------------------------
Test Passed.
"nomalloc_1" end time: May 23 15:59 CEST
"nomalloc_1" time elapsed: 00:00:00
----------------------------------------------------------

Unable to find executable: nomalloc_2
7/919 Testing: nomalloc_2
7/919 Test: nomalloc_2
Command: ""
Directory: /home/arsen/projects/optimizer-bench/optlib/build/_deps/eigen3-build/test
"nomalloc_2" start time: 
Output:
----------------------------------------------------------
<end of output>
Test time =   0.00 sec
----------------------------------------------------------
Test Passed.
"nomalloc_2" end time: May 23 15:59 CEST
"nomalloc_2" time elapsed: 00:00:00
----------------------------------------------------------

Unable to find executable: nomalloc_3
8/919 Testing: nomalloc_3
8/919 Test: nomalloc_3
Command: ""
Directory: /home/arsen/projects/optimizer-bench/optlib/build/_deps/eigen3-build/test
"nomalloc_3" start time: 
Output:
----------------------------------------------------------
<end of output>
Test time =   0.00 sec
----------------------------------------------------------
Test Passed.
"nomalloc_3" end time: May 23 15:59 CEST
"nomalloc_3" time elapsed: 00:00:00
----------------------------------------------------------

Unable to find executable: nomalloc_4
9/919 Testing: nomalloc_4
9/919 Test: nomalloc_4
Command: ""
Directory: /home/arsen/projects/optimizer-bench/optlib/build/_deps/eigen3-build/test
"nomalloc_4" start time: 
Output:
----------------------------------------------------------
<end of output>
Test time =   0.00 sec
----------------------------------------------------------
Test Passed.
"nomalloc_4" end time: May 23 15:59 CEST
"nomalloc_4" time elapsed: 00:00:00
----------------------------------------------------------

Unable to find executable: nomalloc_5
10/919 Testing: nomalloc_5
10/919 Test: nomalloc_5
Command: ""
Directory: /home/arsen/projects/optimizer-bench/optlib/build/_deps/eigen3-build/test
"nomalloc_5" start time: 
Output:
----------------------------------------------------------
<end of output>
Test time =   0.00 sec
----------------------------------------------------------
Test Passed.
"nomalloc_5" end time: May 23 15:59 CEST
"nomalloc_5" time elapsed: 00:00:00
----------------------------------------------------------

Unable to find executable: nomalloc_6
11/919 Testing: nomalloc_6
11/919 Test: nomalloc_6
Command: ""
Directory: /home/arsen/projects/optimizer-bench/optlib/build/_deps/eigen3-build/test
"nomalloc_6" start time: 
Output:
----------------------------------------------------------
<end of output>
Test time =   0.00 sec
----------------------------------------------------------
Test Passed.
"nomalloc_6" end time: May 23 15:59 CEST
"nomalloc_6" time elapsed: 00:00:00
----------------------------------------------------------

Unable to find executable: nomalloc_7
12/919 Testing: nomalloc_7
12/919 Test: nomalloc_7
Command: ""
Directory: /home/arsen/projects/optimizer-bench/optlib/build/_deps/eigen3-build/test
"nomalloc_7" start time: 
Output:
----------------------------------------------------------
<end of output>
Test time =   0.00 sec
----------------------------------------------------------
Test Passed.
"nomalloc_7" end time: May 23 15:59 CEST
"nomalloc_7" time elapsed: 00:00:00
----------------------------------------------------------

Unable to find executable: nomalloc_8
13/919 Testing: nomalloc_8
13/919 Test: nomalloc_8
Command: ""
Directory: /home/arsen/projects/optimizer-bench/optlib/build/_deps/eigen3-build/test
"nomalloc_8" start time: 
Output:
----------------------------------------------------------
<end of output>
Test time =   0.00 sec
----------------------------------------------------------
Test Passed.
"nomalloc_8" end time: May 23 15:59 CEST
"nomalloc_8" time elapsed: 00:00:00
----------------------------------------------------------

Unable to find executable: first_aligned
14/919 Testing: first_aligned
14/919 Test: first_aligned
Command: ""
Directory: /home/arsen/projects/optimizer-bench/optlib/build/_deps/eigen3-build/test
"first_aligned" start time: 
Output:
----------------------------------------------------------
<end of output>
Test time =   0.00 sec
----------------------------------------------------------
Test Passed.
"first_aligned" end time: May 23 15:59 CEST
"first_aligned" time elapsed: 00:00:00
----------------------------------------------------------

Unable to find executable: type_alias
15/919 Testing: type_alias
15/919 Test: type_alias
Command: ""
Directory: /home/arsen/projects/optimizer-bench/optlib/build/_deps/eigen3-build/test
"type_alias" start time: 
Output:
----------------------------------------------------------
<end of output>
Test time =   0.00 sec
----------------------------------------------------------
Test Passed.
"type_alias" end time: May 23 15:59 CEST
"type_alias" time elapsed: 00:00:00
----------------------------------------------------------

Unable to find executable: nullary_1
16/919 Testing: nullary_1
16/919 Test: nullary_1
Command: ""
Directory: /home/arsen/projects/optimizer-bench/optlib/build/_deps/eigen3-build/test
"nullary_1" start time: 
Output:
----------------------------------------------------------
<end of output>
Test time =   0.00 sec
----------------------------------------------------------
Test Passed.
"nullary_1" end time: May 23 15:59 CEST
"nullary_1" time elapsed: 00:00:00
----------------------------------------------------------

Unable to find executable: nullary_2
17/919 Testing: nullary_2
17/919 Test: nullary_2
Command: ""
Directory: /home/arsen/projects/optimizer-bench/optlib/build/_deps/eigen3-build/test
"nullary_2" start time: 
Output:
----------------------------------------------------------
<end of output>
Test time =   0.00 sec
----------------------------------------------------------
Test Passed.
"nullary_2" end time: May 23 15:59 CEST
"nullary_2" time elapsed: 00:00:00
----------------------------------------------------------

Unable to find executable: nullary_3
18/919 Testing: nullary_3
18/919 Test: nullary_3
Command: ""
Directory: /home/arsen/projects/optimizer-bench/optlib/build/_deps/eigen3-build/test
"nullary_3" start time: 
Output:
----------------------------------------------------------
<end of output>
Test time =   0.00 sec
----------------------------------------------------------
Test Passed.
"nullary_3" end time: May 23 15:59 CEST
"nullary_3" time elapsed: 00:00:00
----------------------------------------------------------

Unable to find executable: nullary_4
19/919 Testing: nullary_4
19/919 Test: nullary_4
Command: ""
Directory: /home/arsen/projects/optimizer-bench/optlib/build/_deps/eigen3-build/test
"nullary_4" start time: 
Output:
----------------------------------------------------------
<end of output>
Test time =   0.00 sec
----------------------------------------------------------
Test Passed.
"nullary_4" end time: May 23 15:59 CEST
"nullary_4" time elapsed: 00:00:00
----------------------------------------------------------

Unable to find executable: nullary_5
20/919 Testing: nullary_5
20/919 Test: nullary_5
Command: ""
Directory: /home/arsen/projects/optimizer-bench/optlib/build/_deps/eigen3-build/test
"nullary_5" start time: 
Output:
----------------------------------------------------------
<end of output>
Test time =   0.00 sec
----------------------------------------------------------
Test Passed.
"nullary_5" end time: May 23 15:59 CEST
"nullary_5" time elapsed: 00:00:00
----------------------------------------------------------

Unable to find executable: nullary_6
21/919 Testing: nullary_6
21/919 Test: nullary_6
Command: ""
Directory: /home/arsen/projects/optimizer-bench/optlib/build/_deps/eigen3-build/test
"nullary_6" start time: 
Output:
----------------------------------------------------------
<end of output>
Test time =   0.00 sec
----------------------------------------------------------
Test Passed.
"nullary_6" end time: May 23 15:59 CEST
"nullary_6" time elapsed: 00:00:00
----------------------------------------------------------

Unable to find executable: nullary_7
22/919 Testing: nullary_7
22/919 Test: nullary_7
Command: ""
Directory: /home/arsen/projects/optimizer-bench/optlib/build/_deps/eigen3-build/test
"nullary_7" start time: 
Output:
----------------------------------------------------------
<end of output>
Test time =   0.00 sec
----------------------------------------------------------
Test Passed.
"nullary_7" end time: May 23 15:59 CEST
"nullary_7" time elapsed: 00:00:00
----------------------------------------------------------

Unable to find executable: nullary_8
23/919 Testing: nullary_8
23/919 Test: nullary_8
Command: ""
Directory: /home/arsen/projects/optimizer-bench/optlib/build/_deps/eigen3-build/test
"nullary_8" start time: 
Output:
----------------------------------------------------------
<end of output>
Test time =   0.00 sec
----------------------------------------------------------
Test Passed.
"nullary_8" end time: May 23 15:59 CEST
"nullary_8" time elapsed: 00:00:00
----------------------------------------------------------

Unable to find executable: nullary_9
24/919 Testing: nullary_9
24/919 Test: nullary_9
Command: ""
Directory: /home/arsen/projects/optimizer-bench/optlib/build/_deps/eigen3-build/test
"nullary_9" start time: 
Output:
----------------------------------------------------------
<end of output>
Test time =   0.00 sec
----------------------------------------------------------
Test Passed.
"nullary_9" end time: May 23 15:59 CEST
"nullary_9" time elapsed: 00:00:00
----------------------------------------------------------

Unable to find executable: nullary_10
25/919 Testing: nullary_10
25/919 Test: nullary_10
Command: ""
Directory: /home/arsen/projects/optimizer-bench/optlib/build/_deps/eigen3-build/test
"nullary_10" start time: 
Output:
----------------------------------------------------------
<end of output>
Test time =   0.00 sec
----------------------------------------------------------
Test Passed.
"nullary_10" end time: May 23 15:59 CEST
"nullary_10" time elapsed: 00:00:00
----------------------------------------------------------

Unable to find executable: mixingtypes_7
26/919 Testing: mixingtypes_7
26/919 Test: mixingtypes_7
Command: ""
Directory: /home/arsen/projects/optimizer-bench/optlib/build/_deps/eigen3-build/test
"mixingtypes_7" start time: 
Output:
----------------------------------------------------------
<end of output>
Test time =   0.00 sec
----------------------------------------------------------
Test Passed.
"mixingtypes_7" end time: May 23 15:59 CEST
"mixingtypes_7" time elapsed: 00:00:00
----------------------------------------------------------

Unable to find executable: mixingtypes_1
27/919 Testing: mixingtypes_1
27/919 Test: mixingtypes_1
Command: ""
Directory: /home/arsen/projects/optimizer-bench/optlib/build/_deps/eigen3-build/test
"mixingtypes_1" start time: 
Output:
----------------------------------------------------------
<end of output>
Test time =   0.00 sec
----------------------------------------------------------
Test Passed.
"mixingtypes_1" end time: May 23 15:59 CEST
"mixingtypes_1" time elapsed: 00:00:00
----------------------------------------------------------

Unable to find executable: mixingtypes_2
28/919 Testing: mixingtypes_2
28/919 Test: mixingtypes_2
Command: ""
Directory: /home/arsen/projects/optimizer-bench/optlib/build/_deps/eigen3-build/test
"mixingtypes_2" start time: 
Output:
----------------------------------------------------------
<end of output>
Test time =   0.00 sec
----------------------------------------------------------
Test Passed.
"mixingtypes_2" end time: May 23 15:59 CEST
"mixingtypes_2" time elapsed: 00:00:00
----------------------------------------------------------

Unable to find executable: mixingtypes_3
29/919 Testing: mixingtypes_3
29/919 Test: mixingtypes_3
Command: ""
Directory: /home/arsen/projects/optimizer-bench/optlib/build/_deps/eigen3-build/test
"mixingtypes_3" start time: 
Output:
----------------------------------------------------------
<end of output>
Test time =   0.00 sec
----------------------------------------------------------
Test Passed.
"mixingtypes_3" end time: May 23 15:59 CEST
"mixingtypes_3" time elapsed: 00:00:00
----------------------------------------------------------

Unable to find executable: mixingtypes_4
30/919 Testing: mixingtypes_4
30/919 Test: mixingtypes_4
Command: ""
Directory: /home/arsen/projects/optimizer-bench/optlib/build/_deps/eigen3-build/test
"mixingtypes_4" start time: 
Output:
----------------------------------------------------------
<end of output>
Test time =   0.00 sec
----------------------------------------------------------
Test Passed.
"mixingtypes_4" end time: May 23 15:59 CEST
"mixingtypes_4" time elapsed: 00:00:00
----------------------------------------------------------

Unable to find executable: mixingtypes_5
31/919 Testing: mixingtypes_5
31/919 Test: mixingtypes_5
Command: ""
Directory: /home/arsen/projects/optimizer-bench/optlib/build/_deps/eigen3-build/test
"mixingtypes_5" start time: 
Output:
----------------------------------------------------------
<end of output>
Test time =   0.00 sec
----------------------------------------------------------
Test Passed.
"mixingtypes_5" end time: May 23 15:59 CEST
"mixingtypes_5" time elapsed: 00:00:00
----------------------------------------------------------

Unable to find executable: mixingtypes_6
32/919 Testing: mixingtypes_6
32/919 Test: mixingtypes_6
Command: ""
Directory: /home/arsen/projects/optimizer-bench/optlib/build/_deps/eigen3-build/test
"mixingtypes_6" start time: 
Output:
----------------------------------------------------------
<end of output>
Test time =   0.00 sec
----------------------------------------------------------
Test Passed.
"mixingtypes_6" end time: May 23 15:59 CEST
"mixingtypes_6" time elapsed: 00:00:00
----------------------------------------------------------

Unable to find executable: io
33/919 Testing: io
33/919 Test: io
Command: ""
Directory: /home/arsen/projects/optimizer-bench/optlib/build/_deps/eigen3-build/test
"io" start time: 
Output:
----------------------------------------------------------
<end of output>
Test time =   0.00 sec
----------------------------------------------------------
Test Passed.
"io" end time: May 23 15:59 CEST
"io" time elapsed: 00:00:00
----------------------------------------------------------

Unable to find executable: packetmath_1
34/919 Testing: packetmath_1
34/919 Test: packetmath_1
Command: ""
Directory: /home/arsen/projects/optimizer-bench/optlib/build/_deps/eigen3-build/test
"packetmath_1" start time: 
Output:
----------------------------------------------------------
<end of output>
Test time =   0.00 sec
----------------------------------------------------------
Test Passed.
"packetmath_1" end time: May 23 15:59 CEST
"packetmath_1" time elapsed: 00:00:00
----------------------------------------------------------

Unable to find executable: packetmath_2
35/919 Testing: packetmath_2
35/919 Test: packetmath_2
Command: ""
Directory: /home/arsen/projects/optimizer-bench/optlib/build/_deps/eigen3-build/test
"packetmath_2" start time: 
Output:
----------------------------------------------------------
<end of output>
Test time =   0.00 sec
----------------------------------------------------------
Test Passed.
"packetmath_2" end time: May 23 15:59 CEST
"packetmath_2" time elapsed: 00:00:00
----------------------------------------------------------

Unable to find executable: packetmath_3
36/919 Testing: packetmath_3
36/919 Test: packetmath_3
Command: ""
Directory: /home/arsen/projects/optimizer-bench/optlib/build/_deps/eigen3-build/test
"packetmath_3" start time: 
Output:
----------------------------------------------------------
<end of output>
Test time =   0.00 sec
----------------------------------------------------------
Test Passed.
"packetmath_3" end time: May 23 15:59 CEST
"packetmath_3" time elapsed: 00:00:00
----------------------------------------------------------

Unable to find executable: packetmath_4
37/919 Testing: packetmath_4
37/919 Test: packetmath_4
Command: ""
Directory: /home/arsen/projects/optimizer-bench/optlib/build/_deps/eigen3-build/test
"packetmath_4" start time: 
Output:
----------------------------------------------------------
<end of output>
Test time =   0.00 sec
----------------------------------------------------------
Test Passed.
"packetmath_4" end time: May 23 15:59 CEST
"packetmath_4" time elapsed: 00:00:00
----------------------------------------------------------

Unable to find executable: packetmath_5
38/919 Testing: packetmath_5
38/919 Test: packetmath_5
Command: ""
Directory: /home/arsen/projects/optimizer-bench/optlib/build/_deps/eigen3-build/test
"packetmath_5" start time: 
Output:
----------------------------------------------------------
<end of output>
Test time =   0.00 sec
----------------------------------------------------------
Test Passed.
"packetmath_5" end time: May 23 15:59 CEST
"packetmath_5" time elapsed: 00:00:00
----------------------------------------------------------

Unable to find executable: packetmath_6
39/919 Testing: packetmath_6
39/919 Test: packetmath_6
Command: ""
Directory: /home/arsen/projects/optimizer-bench/optlib/build/_deps/eigen3-build/test
"packetmath_6" start time: 
Output:
----------------------------------------------------------
<end of output>
Test time =   0.00 sec
----------------------------------------------------------
Test Passed.
"packetmath_6" end time: May 23 15:59 CEST
"packetmath_6" time elapsed: 00:00:00
----------------------------------------------------------

Unable to find executable: packetmath_7
40/919 Testing: packetmath_7
40/919 Test: packetmath_7
Command: ""
Directory: /home/arsen/projects/optimizer-bench/optlib/build/_deps/eigen3-build/test
"packetmath_7" start time: 
Output:
----------------------------------------------------------
<end of output>
Test time =   0.00 sec
----------------------------------------------------------
Test Passed.
"packetmath_7" end time: May 23 15:59 CEST
"packetmath_7" time elapsed: 00:00:00
----------------------------------------------------------

Unable to find executable: packetmath_8
41/919 Testing: packetmath_8
41/919 Test: packetmath_8
Command: ""
Directory: /home/arsen/projects/optimizer-bench/optlib/build/_deps/eigen3-build/test
"packetmath_8" start time: 
Output:
----------------------------------------------------------
<end of output>
Test time =   0.00 sec
----------------------------------------------------------
Test Passed.
"packetmath_8" end time: May 23 15:59 CEST
"packetmath_8" time elapsed: 00:00:00
----------------------------------------------------------

Unable to find executable: packetmath_9
42/919 Testing: packetmath_9
42/919 Test: packetmath_9
Command: ""
Directory: /home/arsen/projects/optimizer-bench/optlib/build/_deps/eigen3-build/test
"packetmath_9" start time: 
Output:
----------------------------------------------------------
<end of output>
Test time =   0.00 sec
----------------------------------------------------------
Test Passed.
"packetmath_9" end time: May 23 15:59 CEST
"packetmath_9" time elapsed: 00:00:00
----------------------------------------------------------

Unable to find executable: packetmath_10
43/919 Testing: packetmath_10
43/919 Test: packetmath_10
Command: ""
Directory: /home/arsen/projects/optimizer-bench/optlib/build/_deps/eigen3-build/test
"packetmath_10" start time: 
Output:
----------------------------------------------------------
<end of output>
Test time =   0.00 sec
----------------------------------------------------------
Test Passed.
"packetmath_10" end time: May 23 15:59 CEST
"packetmath_10" time elapsed: 00:00:00
----------------------------------------------------------

Unable to find executable: packetmath_11
44/919 Testing: packetmath_11
44/919 Test: packetmath_11
Command: ""
Directory: /home/arsen/projects/optimizer-bench/optlib/build/_deps/eigen3-build/test
"packetmath_11" start time: 
Output:
----------------------------------------------------------
<end of output>
Test time =   0.00 sec
----------------------------------------------------------
Test Passed.
"packetmath_11" end time: May 23 15:59 CEST
"packetmath_11" time elapsed: 00:00:00
----------------------------------------------------------

Unable to find executable: packetmath_12
45/919 Testing: packetmath_12
45/919 Test: packetmath_12
Command: ""
Directory: /home/arsen/projects/optimizer-bench/optlib/build/_deps/eigen3-build/test
"packetmath_12" start time: 
Output:
----------------------------------------------------------
<end of output>
Test time =   0.00 sec
----------------------------------------------------------
Test Passed.
"packetmath_12" end time: May 23 15:59 CEST
"packetmath_12" time elapsed: 00:00:00
----------------------------------------------------------

Unable to find executable: packetmath_13
46/919 Testing: packetmath_13
46/919 Test: packetmath_13
Command: ""
Directory: /home/arsen/projects/optimizer-bench/optlib/build/_deps/eigen3-build/test
"packetmath_13" start time: 
Output:
----------------------------------------------------------
<end of output>
Test time =   0.00 sec
----------------------------------------------------------
Test Passed.
"packetmath_13" end time: May 23 15:59 CEST
"packetmath_13" time elapsed: 00:00:00
----------------------------------------------------------

Unable to find executable: packetmath_14
47/919 Testing: packetmath_14
47/919 Test: packetmath_14
Command: ""
Directory: /home/arsen/projects/optimizer-bench/optlib/build/_deps/eigen3-build/test
"packetmath_14" start time: 
Output:
----------------------------------------------------------
<end of output>
Test time =   0.00 sec
----------------------------------------------------------
Test Passed.
"packetmath_14" end time: May 23 15:59 CEST
"packetmath_14" time elapsed: 00:00:00
----------------------------------------------------------

Unable to find executable: packetmath_15
48/919 Testing: packetmath_15
48/919 Test: packetmath_15
Command: ""
Directory: /home/arsen/projects/optimizer-bench/optlib/build/_deps/eigen3-build/test
"packetmath_15" start time: 
Output:
----------------------------------------------------------
<end of output>
Test time =   0.00 sec
----------------------------------------------------------
Test Passed.
"packetmath_15" end time: May 23 15:59 CEST
"packetmath_15" time elapsed: 00:00:00
----------------------------------------------------------

Unable to find executable: vectorization_logic_1
49/919 Testing: vectorization_logic_1
49/919 Test: vectorization_logic_1
Command: ""
Directory: /home/arsen/projects/optimizer-bench/optlib/build/_deps/eigen3-build/test
"vectorization_logic_1" start time: 
Output:
----------------------------------------------------------
<end of output>
Test time =   0.00 sec
----------------------------------------------------------
Test Passed.
"vectorization_logic_1" end time: May 23 15:59 CEST
"vectorization_logic_1" time elapsed: 00:00:00
----------------------------------------------------------

Unable to find executable: vectorization_logic_2
50/919 Testing: vectorization_logic_2
50/919 Test: vectorization_logic_2
Command: ""
Directory: /home/arsen/projects/optimizer-bench/optlib/build/_deps/eigen3-build/test
"vectorization_logic_2" start time: 
Output:
----------------------------------------------------------
<end of output>
Test time =   0.00 sec
----------------------------------------------------------
Test Passed.
"vectorization_logic_2" end time: May 23 15:59 CEST
"vectorization_logic_2" time elapsed: 00:00:00
----------------------------------------------------------

Unable to find executable: basicstuff_1
51/919 Testing: basicstuff_1
51/919 Test: basicstuff_1
Command: ""
Directory: /home/arsen/projects/optimizer-bench/optlib/build/_deps/eigen3-build/test
"basicstuff_1" start time: 
Output:
----------------------------------------------------------
<end of output>
Test time =   0.00 sec
----------------------------------------------------------
Test Passed.
"basicstuff_1" end time: May 23 15:59 CEST
"basicstuff_1" time elapsed: 00:00:00
----------------------------------------------------------

Unable to find executable: basicstuff_2
52/919 Testing: basicstuff_2
52/919 Test: basicstuff_2
Command: ""
Directory: /home/arsen/projects/optimizer-bench/optlib/build/_deps/eigen3-build/test
"basicstuff_2" start time: 
Output:
----------------------------------------------------------
<end of output>
Test time =   0.00 sec
----------------------------------------------------------
Test Passed.
"basicstuff_2" end time: May 23 15:59 CEST
"basicstuff_2" time elapsed: 00:00:00
----------------------------------------------------------

Unable to find executable: basicstuff_3
53/919 Testing: basicstuff_3
53/919 Test: basicstuff_3
Command: ""
Directory: /home/arsen/projects/optimizer-bench/optlib/build/_deps/eigen3-build/test
"basicstuff_3" start time: 
Output:
----------------------------------------------------------
<end of output>
Test time =   0.00 sec
----------------------------------------------------------
Test Passed.
"basicstuff_3" end time: May 23 15:59 CEST
"basicstuff_3" time elapsed: 00:00:00
----------------------------------------------------------

Unable to find executable: basicstuff_4
54/919 Testing: basicstuff_4
54/919 Test: basicstuff_4
Command: ""
Directory: /home/arsen/projects/optimizer-bench/optlib/build/_deps/eigen3-build/test
"basicstuff_4" start time: 
Output:
----------------------------------------------------------
<end of output>
Test time =   0.00 sec
----------------------------------------------------------
Test Passed.
"basicstuff_4" end time: May 23 15:59 CEST
"basicstuff_4" time elapsed: 00:00:00
----------------------------------------------------------

Unable to find executable: basicstuff_5
55/919 Testing: basicstuff_5
55/919 Test: basicstuff_5
Command: ""
Directory: /home/arsen/projects/optimizer-bench/optlib/build/_deps/eigen3-build/test
"basicstuff_5" start time: 
Output:
----------------------------------------------------------
<end of output>
Test time =   0.00 sec
----------------------------------------------------------
Test Passed.
"basicstuff_5" end time: May 23 15:59 CEST
"basicstuff_5" time elapsed: 00:00:00
----------------------------------------------------------

Unable to find executable: basicstuff_6
56/919 Testing: basicstuff_6
56/919 Test: basicstuff_6
Command: ""
Directory: /home/arsen/projects/optimizer-bench/optlib/build/_deps/eigen3-build/test
"basicstuff_6" start time: 
Output:
----------------------------------------------------------
<end of output>
Test time =   0.00 sec
----------------------------------------------------------
Test Passed.
"basicstuff_6" end time: May 23 15:59 CEST
"basicstuff_6" time elapsed: 00:00:00
----------------------------------------------------------

Unable to find executable: basicstuff_7
57/919 Testing: basicstuff_7
57/919 Test: basicstuff_7
Command: ""
Directory: /home/arsen/projects/optimizer-bench/optlib/build/_deps/eigen3-build/test
"basicstuff_7" start time: 
Output:
----------------------------------------------------------
<end of output>
Test time =   0.00 sec
----------------------------------------------------------
Test Passed.
"basicstuff_7" end time: May 23 15:59 CEST
"basicstuff_7" time elapsed: 00:00:00
----------------------------------------------------------

Unable to find executable: basicstuff_8
58/919 Testing: basicstuff_8
58/919 Test: basicstuff_8
Command: ""
Directory: /home/arsen/projects/optimizer-bench/optlib/build/_deps/eigen3-build/test
"basicstuff_8" start time: 
Output:
----------------------------------------------------------
<end of output>
Test time =   0.00 sec
----------------------------------------------------------
Test Passed.
"basicstuff_8" end time: May 23 15:59 CEST
"basicstuff_8" time elapsed: 00:00:00
----------------------------------------------------------

Unable to find executable: constructor_1
59/919 Testing: constructor_1
59/919 Test: constructor_1
Command: ""
Directory: /home/arsen/projects/optimizer-bench/optlib/build/_deps/eigen3-build/test
"constructor_1" start time: 
Output:
----------------------------------------------------------
<end of output>
Test time =   0.00 sec
----------------------------------------------------------
Test Passed.
"constructor_1" end time: May 23 15:59 CEST
"constructor_1" time elapsed: 00:00:00
----------------------------------------------------------

Unable to find executable: linearstructure_1
60/919 Testing: linearstructure_1
60/919 Test: linearstructure_1
Command: ""
Directory: /home/arsen/projects/optimizer-bench/optlib/build/_deps/eigen3-build/test
"linearstructure_1" start time: 
Output:
----------------------------------------------------------
<end of output>
Test time =   0.00 sec
----------------------------------------------------------
Test Passed.
"linearstructure_1" end time: May 23 15:59 CEST
"linearstructure_1" time elapsed: 00:00:00
----------------------------------------------------------

Unable to find executable: linearstructure_2
61/919 Testing: linearstructure_2
61/919 Test: linearstructure_2
Command: ""
Directory: /home/arsen/projects/optimizer-bench/optlib/build/_deps/eigen3-build/test
"linearstructure_2" start time: 
Output:
----------------------------------------------------------
<end of output>
Test time =   0.00 sec
----------------------------------------------------------
Test Passed.
"linearstructure_2" end time: May 23 15:59 CEST
"linearstructure_2" time elapsed: 00:00:00
----------------------------------------------------------

Unable to find executable: linearstructure_3
62/919 Testing: linearstructure_3
62/919 Test: linearstructure_3
Command: ""
Directory: /home/arsen/projects/optimizer-bench/optlib/build/_deps/eigen3-build/test
"linearstructure_3" start time: 
Output:
----------------------------------------------------------
<end of output>
Test time =   0.00 sec
----------------------------------------------------------
Test Passed.
"linearstructure_3" end time: May 23 15:59 CEST
"linearstructure_3" time elapsed: 00:00:00
----------------------------------------------------------

Unable to find executable: linearstructure_4
63/919 Testing: linearstructure_4
63/919 Test: linearstructure_4
Command: ""
Directory: /home/arsen/projects/optimizer-bench/optlib/build/_deps/eigen3-build/test
"linearstructure_4" start time: 
Output:
----------------------------------------------------------
<end of output>
Test time =   0.00 sec
----------------------------------------------------------
Test Passed.
"linearstructure_4" end time: May 23 15:59 CEST
"linearstructure_4" time elapsed: 00:00:00
----------------------------------------------------------

Unable to find executable: linearstructure_5
64/919 Testing: linearstructure_5
64/919 Test: linearstructure_5
Command: ""
Directory: /home/arsen/projects/optimizer-bench/optlib/build/_deps/eigen3-build/test
"linearstructure_5" start time: 
Output:
----------------------------------------------------------
<end of output>
Test time =   0.00 sec
----------------------------------------------------------
Test Passed.
"linearstructure_5" end time: May 23 15:59 CEST
"linearstructure_5" time elapsed: 00:00:00
----------------------------------------------------------

Unable to find executable: linearstructure_6
65/919 Testing: linearstructure_6
65/919 Test: linearstructure_6
Command: ""
Directory: /home/arsen/projects/optimizer-bench/optlib/build/_deps/eigen3-build/test
"linearstructure_6" start time: 
Output:
----------------------------------------------------------
<end of output>
Test time =   0.00 sec
----------------------------------------------------------
Test Passed.
"linearstructure_6" end time: May 23 15:59 CEST
"linearstructure_6" time elapsed: 00:00:00
----------------------------------------------------------

Unable to find executable: linearstructure_7
66/919 Testing: linearstructure_7
66/919 Test: linearstructure_7
Command: ""
Directory: /home/arsen/projects/optimizer-bench/optlib/build/_deps/eigen3-build/test
"linearstructure_7" start time: 
Output:
----------------------------------------------------------
<end of output>
Test time =   0.00 sec
----------------------------------------------------------
Test Passed.
"linearstructure_7" end time: May 23 15:59 CEST
"linearstructure_7" time elapsed: 00:00:00
----------------------------------------------------------

Unable to find executable: linearstructure_8
67/919 Testing: linearstructure_8
67/919 Test: linearstructure_8
Command: ""
Directory: /home/arsen/projects/optimizer-bench/optlib/build/_deps/eigen3-build/test
"linearstructure_8" start time: 
Output:
----------------------------------------------------------
<end of output>
Test time =   0.00 sec
----------------------------------------------------------
Test Passed.
"linearstructure_8" end time: May 23 15:59 CEST
"linearstructure_8" time elapsed: 00:00:00
----------------------------------------------------------

Unable to find executable: linearstructure_9
68/919 Testing: linearstructure_9
68/919 Test: linearstructure_9
Command: ""
Directory: /home/arsen/projects/optimizer-bench/optlib/build/_deps/eigen3-build/test
"linearstructure_9" start time: 
Output:
----------------------------------------------------------
<end of output>
Test time =   0.00 sec
----------------------------------------------------------
Test Passed.
"linearstructure_9" end time: May 23 15:59 CEST
"linearstructure_9" time elapsed: 00:00:00
----------------------------------------------------------

Unable to find executable: linearstructure_10
69/919 Testing: linearstructure_10
69/919 Test: linearstructure_10
Command: ""
Directory: /home/arsen/projects/optimizer-bench/optlib/build/_deps/eigen3-build/test
"linearstructure_10" start time: 
Output:
----------------------------------------------------------
<end of output>
Test time =   0.00 sec
----------------------------------------------------------
Test Passed.
"linearstructure_10" end time: May 23 15:59 CEST
"linearstructure_10" time elapsed: 00:00:00
----------------------------------------------------------

Unable to find executable: linearstructure_11
70/919 Testing: linearstructure_11
70/919 Test: linearstructure_11
Command: ""
Directory: /home/arsen/projects/optimizer-bench/optlib/build/_deps/eigen3-build/test
"linearstructure_11" start time: 
Output:
----------------------------------------------------------
<end of output>
Test time =   0.00 sec
----------------------------------------------------------
Test Passed.
"linearstructure_11" end time: May 23 15:59 CEST
"linearstructure_11" time elapsed: 00:00:00
----------------------------------------------------------

Unable to find executable: integer_types_1
71/919 Testing: integer_types_1
71/919 Test: integer_types_1
Command: ""
Directory: /home/arsen/projects/optimizer-bench/optlib/build/_deps/eigen3-build/test
"integer_types_1" start time: 
Output:
----------------------------------------------------------
<end of output>
Test time =   0.00 sec
----------------------------------------------------------
Test Passed.
"integer_types_1" end time: May 23 15:59 CEST
"integer_types_1" time elapsed: 00:00:00
----------------------------------------------------------

Unable to find executable: integer_types_2
72/919 Testing: integer_types_2
72/919 Test: integer_types_2
Command: ""
Directory: /home/arsen/projects/optimizer-bench/optlib/build/_deps/eigen3-build/test
"integer_types_2" start time: 
Output:
----------------------------------------------------------
<end of output>
Test time =   0.00 sec
----------------------------------------------------------
Test Passed.
"integer_types_2" end time: May 23 15:59 CEST
"integer_types_2" time elapsed: 00:00:00
----------------------------------------------------------

Unable to find executable: integer_types_3
73/919 Testing: integer_types_3
73/919 Test: integer_types_3
Command: ""
Directory: /home/arsen/projects/optimizer-bench/optlib/build/_deps/eigen3-build/test
"integer_types_3" start time: 
Output:
----------------------------------------------------------
<end of output>
Test time =   0.00 sec
----------------------------------------------------------
Test Passed.
"integer_types_3" end time: May 23 15:59 CEST
"integer_types_3" time elapsed: 00:00:00
----------------------------------------------------------

Unable to find executable: integer_types_4
74/919 Testing: integer_types_4
74/919 Test: integer_types_4
Command: ""
Directory: /home/arsen/projects/optimizer-bench/optlib/build/_deps/eigen3-build/test
"integer_types_4" start time: 
Output:
----------------------------------------------------------
<end of output>
Test time =   0.00 sec
----------------------------------------------------------
Test Passed.
"integer_types_4" end time: May 23 15:59 CEST
"integer_types_4" time elapsed: 00:00:00
----------------------------------------------------------

Unable to find executable: integer_types_5
75/919 Testing: integer_types_5
75/919 Test: integer_types_5
Command: ""
Directory: /home/arsen/projects/optimizer-bench/optlib/build/_deps/eigen3-build/test
"integer_types_5" start time: 
Output:
----------------------------------------------------------
<end of output>
Test time =   0.00 sec
----------------------------------------------------------
Test Passed.
"integer_types_5" end time: May 23 15:59 CEST
"integer_types_5" time elapsed: 00:00:00
----------------------------------------------------------

Unable to find executable: integer_types_6
76/919 Testing: integer_types_6
76/919 Test: integer_types_6
Command: ""
Directory: /home/arsen/projects/optimizer-bench/optlib/build/_deps/eigen3-build/test
"integer_types_6" start time: 
Output:
----------------------------------------------------------
<end of output>
Test time =   0.00 sec
----------------------------------------------------------
Test Passed.
"integer_types_6" end time: May 23 15:59 CEST
"integer_types_6" time elapsed: 00:00:00
----------------------------------------------------------

Unable to find executable: integer_types_7
77/919 Testing: integer_types_7
77/919 Test: integer_types_7
Command: ""
Directory: /home/arsen/projects/optimizer-bench/optlib/build/_deps/eigen3-build/test
"integer_types_7" start time: 
Output:
----------------------------------------------------------
<end of output>
Test time =   0.00 sec
----------------------------------------------------------
Test Passed.
"integer_types_7" end time: May 23 15:59 CEST
"integer_types_7" time elapsed: 00:00:00
----------------------------------------------------------

Unable to find executable: integer_types_8
78/919 Testing: integer_types_8
78/919 Test: integer_types_8
Command: ""
Directory: /home/arsen/projects/optimizer-bench/optlib/build/_deps/eigen3-build/test
"integer_types_8" start time: 
Output:
----------------------------------------------------------
<end of output>
Test time =   0.00 sec
----------------------------------------------------------
Test Passed.
"integer_types_8" end time: May 23 15:59 CEST
"integer_types_8" time elapsed: 00:00:00
----------------------------------------------------------

Unable to find executable: integer_types_9
79/919 Testing: integer_types_9
79/919 Test: integer_types_9
Command: ""
Directory: /home/arsen/projects/optimizer-bench/optlib/build/_deps/eigen3-build/test
"integer_types_9" start time: 
Output:
----------------------------------------------------------
<end of output>
Test time =   0.00 sec
----------------------------------------------------------
Test Passed.
"integer_types_9" end time: May 23 15:59 CEST
"integer_types_9" time elapsed: 00:00:00
----------------------------------------------------------

Unable to find executable: unalignedcount
80/919 Testing: unalignedcount
80/919 Test: unalignedcount
Command: ""
Directory: /home/arsen/projects/optimizer-bench/optlib/build/_deps/eigen3-build/test
"unalignedcount" start time: 
Output:
----------------------------------------------------------
<end of output>
Test time =   0.00 sec
----------------------------------------------------------
Test Passed.
"unalignedcount" end time: May 23 15:59 CEST
"unalignedcount" time elapsed: 00:00:00
----------------------------------------------------------

Unable to find executable: exceptions
81/919 Testing: exceptions
81/919 Test: exceptions
Command: ""
Directory: /home/arsen/projects/optimizer-bench/optlib/build/_deps/eigen3-build/test
"exceptions" start time: 
Output:
----------------------------------------------------------
<end of output>
Test time =   0.00 sec
----------------------------------------------------------
Test Passed.
"exceptions" end time: May 23 15:59 CEST
"exceptions" time elapsed: 00:00:00
----------------------------------------------------------

Unable to find executable: redux_1
82/919 Testing: redux_1
82/919 Test: redux_1
Command: ""
Directory: /home/arsen/projects/optimizer-bench/optlib/build/_deps/eigen3-build/test
"redux_1" start time: 
Output:
----------------------------------------------------------
<end of output>
Test time =   0.00 sec
----------------------------------------------------------
Test Passed.
"redux_1" end time: May 23 15:59 CEST
"redux_1" time elapsed: 00:00:00
----------------------------------------------------------

Unable to find executable: redux_2
83/919 Testing: redux_2
83/919 Test: redux_2
Command: ""
Directory: /home/arsen/projects/optimizer-bench/optlib/build/_deps/eigen3-build/test
"redux_2" start time: 
Output:
----------------------------------------------------------
<end of output>
Test time =   0.00 sec
----------------------------------------------------------
Test Passed.
"redux_2" end time: May 23 15:59 CEST
"redux_2" time elapsed: 00:00:00
----------------------------------------------------------

Unable to find executable: redux_3
84/919 Testing: redux_3
84/919 Test: redux_3
Command: ""
Directory: /home/arsen/projects/optimizer-bench/optlib/build/_deps/eigen3-build/test
"redux_3" start time: 
Output:
----------------------------------------------------------
<end of output>
Test time =   0.00 sec
----------------------------------------------------------
Test Passed.
"redux_3" end time: May 23 15:59 CEST
"redux_3" time elapsed: 00:00:00
----------------------------------------------------------

Unable to find executable: redux_4
85/919 Testing: redux_4
85/919 Test: redux_4
Command: ""
Directory: /home/arsen/projects/optimizer-bench/optlib/build/_deps/eigen3-build/test
"redux_4" start time: 
Output:
----------------------------------------------------------
<end of output>
Test time =   0.00 sec
----------------------------------------------------------
Test Passed.
"redux_4" end time: May 23 15:59 CEST
"redux_4" time elapsed: 00:00:00
----------------------------------------------------------

Unable to find executable: redux_5
86/919 Testing: redux_5
86/919 Test: redux_5
Command: ""
Directory: /home/arsen/projects/optimizer-bench/optlib/build/_deps/eigen3-build/test
"redux_5" start time: 
Output:
----------------------------------------------------------
<end of output>
Test time =   0.00 sec
----------------------------------------------------------
Test Passed.
"redux_5" end time: May 23 15:59 CEST
"redux_5" time elapsed: 00:00:00
----------------------------------------------------------

Unable to find executable: redux_6
87/919 Testing: redux_6
87/919 Test: redux_6
Command: ""
Directory: /home/arsen/projects/optimizer-bench/optlib/build/_deps/eigen3-build/test
"redux_6" start time: 
Output:
----------------------------------------------------------
<end of output>
Test time =   0.00 sec
----------------------------------------------------------
Test Passed.
"redux_6" end time: May 23 15:59 CEST
"redux_6" time elapsed: 00:00:00
----------------------------------------------------------

Unable to find executable: redux_7
88/919 Testing: redux_7
88/919 Test: redux_7
Command: ""
Directory: /home/arsen/projects/optimizer-bench/optlib/build/_deps/eigen3-build/test
"redux_7" start time: 
Output:
----------------------------------------------------------
<end of output>
Test time =   0.00 sec
----------------------------------------------------------
Test Passed.
"redux_7" end time: May 23 15:59 CEST
"redux_7" time elapsed: 00:00:00
----------------------------------------------------------

Unable to find executable: redux_8
89/919 Testing: redux_8
89/919 Test: redux_8
Command: ""
Directory: /home/arsen/projects/optimizer-bench/optlib/build/_deps/eigen3-build/test
"redux_8" start time: 
Output:
----------------------------------------------------------
<end of output>
Test time =   0.00 sec
----------------------------------------------------------
Test Passed.
"redux_8" end time: May 23 15:59 CEST
"redux_8" time elapsed: 00:00:00
----------------------------------------------------------

Unable to find executable: visitor_1
90/919 Testing: visitor_1
90/919 Test: visitor_1
Command: ""
Directory: /home/arsen/projects/optimizer-bench/optlib/build/_deps/eigen3-build/test
"visitor_1" start time: 
Output:
----------------------------------------------------------
<end of output>
Test time =   0.00 sec
----------------------------------------------------------
Test Passed.
"visitor_1" end time: May 23 15:59 CEST
"visitor_1" time elapsed: 00:00:00
----------------------------------------------------------

Unable to find executable: visitor_2
91/919 Testing: visitor_2
91/919 Test: visitor_2
Command: ""
Directory: /home/arsen/projects/optimizer-bench/optlib/build/_deps/eigen3-build/test
"visitor_2" start time: 
Output:
----------------------------------------------------------
<end of output>
Test time =   0.00 sec
----------------------------------------------------------
Test Passed.
"visitor_2" end time: May 23 15:59 CEST
"visitor_2" time elapsed: 00:00:00
----------------------------------------------------------

Unable to find executable: visitor_3
92/919 Testing: visitor_3
92/919 Test: visitor_3
Command: ""
Directory: /home/arsen/projects/optimizer-bench/optlib/build/_deps/eigen3-build/test
"visitor_3" start time: 
Output:
----------------------------------------------------------
<end of output>
Test time =   0.00 sec
----------------------------------------------------------
Test Passed.
"visitor_3" end time: May 23 15:59 CEST
"visitor_3" time elapsed: 00:00:00
----------------------------------------------------------

Unable to find executable: visitor_4
93/919 Testing: visitor_4
93/919 Test: visitor_4
Command: ""
Directory: /home/arsen/projects/optimizer-bench/optlib/build/_deps/eigen3-build/test
"visitor_4" start time: 
Output:
----------------------------------------------------------
<end of output>
Test time =   0.00 sec
----------------------------------------------------------
Test Passed.
"visitor_4" end time: May 23 15:59 CEST
"visitor_4" time elapsed: 00:00:00
----------------------------------------------------------

Unable to find executable: visitor_5
94/919 Testing: visitor_5
94/919 Test: visitor_5
Command: ""
Directory: /home/arsen/projects/optimizer-bench/optlib/build/_deps/eigen3-build/test
"visitor_5" start time: 
Output:
----------------------------------------------------------
<end of output>
Test time =   0.00 sec
----------------------------------------------------------
Test Passed.
"visitor_5" end time: May 23 15:59 CEST
"visitor_5" time elapsed: 00:00:00
----------------------------------------------------------

Unable to find executable: visitor_6
95/919 Testing: visitor_6
95/919 Test: visitor_6
Command: ""
Directory: /home/arsen/projects/optimizer-bench/optlib/build/_deps/eigen3-build/test
"visitor_6" start time: 
Output:
----------------------------------------------------------
<end of output>
Test time =   0.00 sec
----------------------------------------------------------
Test Passed.
"visitor_6" end time: May 23 15:59 CEST
"visitor_6" time elapsed: 00:00:00
----------------------------------------------------------

Unable to find executable: visitor_7
96/919 Testing: visitor_7
96/919 Test: visitor_7
Command: ""
Directory: /home/arsen/projects/optimizer-bench/optlib/build/_deps/eigen3-build/test
"visitor_7" start time: 
Output:
----------------------------------------------------------
<end of output>
Test time =   0.00 sec
----------------------------------------------------------
Test Passed.
"visitor_7" end time: May 23 15:59 CEST
"visitor_7" time elapsed: 00:00:00
----------------------------------------------------------

Unable to find executable: visitor_8
97/919 Testing: visitor_8
97/919 Test: visitor_8
Command: ""
Directory: /home/arsen/projects/optimizer-bench/optlib/build/_deps/eigen3-build/test
"visitor_8" start time: 
Output:
----------------------------------------------------------
<end of output>
Test time =   0.00 sec
----------------------------------------------------------
Test Passed.
"visitor_8" end time: May 23 15:59 CEST
"visitor_8" time elapsed: 00:00:00
----------------------------------------------------------

Unable to find executable: visitor_9
98/919 Testing: visitor_9
98/919 Test: visitor_9
Command: ""
Directory: /home/arsen/projects/optimizer-bench/optlib/build/_deps/eigen3-build/test
"visitor_9" start time: 
Output:
----------------------------------------------------------
<end of output>
Test time =   0.00 sec
----------------------------------------------------------
Test Passed.
"visitor_9" end time: May 23 15:59 CEST
"visitor_9" time elapsed: 00:00:00
----------------------------------------------------------

Unable to find executable: visitor_10
99/919 Testing: visitor_10
99/919 Test: visitor_10
Command: ""
Directory: /home/arsen/projects/optimizer-bench/optlib/build/_deps/eigen3-build/test
"visitor_10" start time: 
Output:
----------------------------------------------------------
<end of output>
Test time =   0.00 sec
----------------------------------------------------------
Test Passed.
"visitor_10" end time: May 23 15:59 CEST
"visitor_10" time elapsed: 00:00:00
----------------------------------------------------------

Unable to find executable: block_1
100/919 Testing: block_1
100/919 Test: block_1
Command: ""
Directory: /home/arsen/projects/optimizer-bench/optlib/build/_deps/eigen3-build/test
"block_1" start time: 
Output:
----------------------------------------------------------
<end of output>
Test time =   0.00 sec
----------------------------------------------------------
Test Passed.
"block_1" end time: May 23 15:59 CEST
"block_1" time elapsed: 00:00:00
----------------------------------------------------------

Unable to find executable: block_2
101/919 Testing: block_2
101/919 Test: block_2
Command: ""
Directory: /home/arsen/projects/optimizer-bench/optlib/build/_deps/eigen3-build/test
"block_2" start time: 
Output:
----------------------------------------------------------
<end of output>
Test time =   0.00 sec
----------------------------------------------------------
Test Passed.
"block_2" end time: May 23 15:59 CEST
"block_2" time elapsed: 00:00:00
----------------------------------------------------------

Unable to find executable: block_3
102/919 Testing: block_3
102/919 Test: block_3
Command: ""
Directory: /home/arsen/projects/optimizer-bench/optlib/build/_deps/eigen3-build/test
"block_3" start time: 
Output:
----------------------------------------------------------
<end of output>
Test time =   0.00 sec
----------------------------------------------------------
Test Passed.
"block_3" end time: May 23 15:59 CEST
"block_3" time elapsed: 00:00:00
----------------------------------------------------------

Unable to find executable: block_4
103/919 Testing: block_4
103/919 Test: block_4
Command: ""
Directory: /home/arsen/projects/optimizer-bench/optlib/build/_deps/eigen3-build/test
"block_4" start time: 
Output:
----------------------------------------------------------
<end of output>
Test time =   0.00 sec
----------------------------------------------------------
Test Passed.
"block_4" end time: May 23 15:59 CEST
"block_4" time elapsed: 00:00:00
----------------------------------------------------------

Unable to find executable: block_5
104/919 Testing: block_5
104/919 Test: block_5
Command: ""
Directory: /home/arsen/projects/optimizer-bench/optlib/build/_deps/eigen3-build/test
"block_5" start time: 
Output:
----------------------------------------------------------
<end of output>
Test time =   0.00 sec
----------------------------------------------------------
Test Passed.
"block_5" end time: May 23 15:59 CEST
"block_5" time elapsed: 00:00:00
----------------------------------------------------------

Unable to find executable: block_6
105/919 Testing: block_6
105/919 Test: block_6
Command: ""
Directory: /home/arsen/projects/optimizer-bench/optlib/build/_deps/eigen3-build/test
"block_6" start time: 
Output:
----------------------------------------------------------
<end of output>
Test time =   0.00 sec
----------------------------------------------------------
Test Passed.
"block_6" end time: May 23 15:59 CEST
"block_6" time elapsed: 00:00:00
----------------------------------------------------------

Unable to find executable: block_7
106/919 Testing: block_7
106/919 Test: block_7
Command: ""
Directory: /home/arsen/projects/optimizer-bench/optlib/build/_deps/eigen3-build/test
"block_7" start time: 
Output:
----------------------------------------------------------
<end of output>
Test time =   0.00 sec
----------------------------------------------------------
Test Passed.
"block_7" end time: May 23 15:59 CEST
"block_7" time elapsed: 00:00:00
----------------------------------------------------------

Unable to find executable: block_8
107/919 Testing: block_8
107/919 Test: block_8
Command: ""
Directory: /home/arsen/projects/optimizer-bench/optlib/build/_deps/eigen3-build/test
"block_8" start time: 
Output:
----------------------------------------------------------
<end of output>
Test time =   0.00 sec
----------------------------------------------------------
Test Passed.
"block_8" end time: May 23 15:59 CEST
"block_8" time elapsed: 00:00:00
----------------------------------------------------------

Unable to find executable: corners_1
108/919 Testing: corners_1
108/919 Test: corners_1
Command: ""
Directory: /home/arsen/projects/optimizer-bench/optlib/build/_deps/eigen3-build/test
"corners_1" start time: 
Output:
----------------------------------------------------------
<end of output>
Test time =   0.00 sec
----------------------------------------------------------
Test Passed.
"corners_1" end time: May 23 15:59 CEST
"corners_1" time elapsed: 00:00:00
----------------------------------------------------------

Unable to find executable: corners_2
109/919 Testing: corners_2
109/919 Test: corners_2
Command: ""
Directory: /home/arsen/projects/optimizer-bench/optlib/build/_deps/eigen3-build/test
"corners_2" start time: 
Output:
----------------------------------------------------------
<end of output>
Test time =   0.00 sec
----------------------------------------------------------
Test Passed.
"corners_2" end time: May 23 15:59 CEST
"corners_2" time elapsed: 00:00:00
----------------------------------------------------------

Unable to find executable: corners_3
110/919 Testing: corners_3
110/919 Test: corners_3
Command: ""
Directory: /home/arsen/projects/optimizer-bench/optlib/build/_deps/eigen3-build/test
"corners_3" start time: 
Output:
----------------------------------------------------------
<end of output>
Test time =   0.00 sec
----------------------------------------------------------
Test Passed.
"corners_3" end time: May 23 15:59 CEST
"corners_3" time elapsed: 00:00:00
----------------------------------------------------------

Unable to find executable: corners_4
111/919 Testing: corners_4
111/919 Test: corners_4
Command: ""
Directory: /home/arsen/projects/optimizer-bench/optlib/build/_deps/eigen3-build/test
"corners_4" start time: 
Output:
----------------------------------------------------------
<end of output>
Test time =   0.00 sec
----------------------------------------------------------
Test Passed.
"corners_4" end time: May 23 15:59 CEST
"corners_4" time elapsed: 00:00:00
----------------------------------------------------------

Unable to find executable: corners_5
112/919 Testing: corners_5
112/919 Test: corners_5
Command: ""
Directory: /home/arsen/projects/optimizer-bench/optlib/build/_deps/eigen3-build/test
"corners_5" start time: 
Output:
----------------------------------------------------------
<end of output>
Test time =   0.00 sec
----------------------------------------------------------
Test Passed.
"corners_5" end time: May 23 15:59 CEST
"corners_5" time elapsed: 00:00:00
----------------------------------------------------------

Unable to find executable: symbolic_index_2
113/919 Testing: symbolic_index_2
113/919 Test: symbolic_index_2
Command: ""
Directory: /home/arsen/projects/optimizer-bench/optlib/build/_deps/eigen3-build/test
"symbolic_index_2" start time: 
Output:
----------------------------------------------------------
<end of output>
Test time =   0.00 sec
----------------------------------------------------------
Test Passed.
"symbolic_index_2" end time: May 23 15:59 CEST
"symbolic_index_2" time elapsed: 00:00:00
----------------------------------------------------------

Unable to find executable: symbolic_index_1
114/919 Testing: symbolic_index_1
114/919 Test: symbolic_index_1
Command: ""
Directory: /home/arsen/projects/optimizer-bench/optlib/build/_deps/eigen3-build/test
"symbolic_index_1" start time: 
Output:
----------------------------------------------------------
<end of output>
Test time =   0.00 sec
----------------------------------------------------------
Test Passed.
"symbolic_index_1" end time: May 23 15:59 CEST
"symbolic_index_1" time elapsed: 00:00:00
----------------------------------------------------------

Unable to find executable: indexed_view_2
115/919 Testing: indexed_view_2
115/919 Test: indexed_view_2
Command: ""
Directory: /home/arsen/projects/optimizer-bench/optlib/build/_deps/eigen3-build/test
"indexed_view_2" start time: 
Output:
----------------------------------------------------------
<end of output>
Test time =   0.00 sec
----------------------------------------------------------
Test Passed.
"indexed_view_2" end time: May 23 15:59 CEST
"indexed_view_2" time elapsed: 00:00:00
----------------------------------------------------------

Unable to find executable: indexed_view_3
116/919 Testing: indexed_view_3
116/919 Test: indexed_view_3
Command: ""
Directory: /home/arsen/projects/optimizer-bench/optlib/build/_deps/eigen3-build/test
"indexed_view_3" start time: 
Output:
----------------------------------------------------------
<end of output>
Test time =   0.00 sec
----------------------------------------------------------
Test Passed.
"indexed_view_3" end time: May 23 15:59 CEST
"indexed_view_3" time elapsed: 00:00:00
----------------------------------------------------------

Unable to find executable: indexed_view_1
117/919 Testing: indexed_view_1
117/919 Test: indexed_view_1
Command: ""
Directory: /home/arsen/projects/optimizer-bench/optlib/build/_deps/eigen3-build/test
"indexed_view_1" start time: 
Output:
----------------------------------------------------------
<end of output>
Test time =   0.00 sec
----------------------------------------------------------
Test Passed.
"indexed_view_1" end time: May 23 15:59 CEST
"indexed_view_1" time elapsed: 00:00:00
----------------------------------------------------------

Unable to find executable: reshape
118/919 Testing: reshape
118/919 Test: reshape
Command: ""
Directory: /home/arsen/projects/optimizer-bench/optlib/build/_deps/eigen3-build/test
"reshape" start time: 
Output:
----------------------------------------------------------
<end of output>
Test time =   0.00 sec
----------------------------------------------------------
Test Passed.
"reshape" end time: May 23 15:59 CEST
"reshape" time elapsed: 00:00:00
----------------------------------------------------------

Unable to find executable: swap_1
119/919 Testing: swap_1
119/919 Test: swap_1
Command: ""
Directory: /home/arsen/projects/optimizer-bench/optlib/build/_deps/eigen3-build/test
"swap_1" start time: 
Output:
----------------------------------------------------------
<end of output>
Test time =   0.00 sec
----------------------------------------------------------
Test Passed.
"swap_1" end time: May 23 15:59 CEST
"swap_1" time elapsed: 00:00:00
----------------------------------------------------------

Unable to find executable: swap_2
120/919 Testing: swap_2
120/919 Test: swap_2
Command: ""
Directory: /home/arsen/projects/optimizer-bench/optlib/build/_deps/eigen3-build/test
"swap_2" start time: 
Output:
----------------------------------------------------------
<end of output>
Test time =   0.00 sec
----------------------------------------------------------
Test Passed.
"swap_2" end time: May 23 15:59 CEST
"swap_2" time elapsed: 00:00:00
----------------------------------------------------------

Unable to find executable: swap_3
121/919 Testing: swap_3
121/919 Test: swap_3
Command: ""
Directory: /home/arsen/projects/optimizer-bench/optlib/build/_deps/eigen3-build/test
"swap_3" start time: 
Output:
----------------------------------------------------------
<end of output>
Test time =   0.00 sec
----------------------------------------------------------
Test Passed.
"swap_3" end time: May 23 15:59 CEST
"swap_3" time elapsed: 00:00:00
----------------------------------------------------------

Unable to find executable: swap_4
122/919 Testing: swap_4
122/919 Test: swap_4
Command: ""
Directory: /home/arsen/projects/optimizer-bench/optlib/build/_deps/eigen3-build/test
"swap_4" start time: 
Output:
----------------------------------------------------------
<end of output>
Test time =   0.00 sec
----------------------------------------------------------
Test Passed.
"swap_4" end time: May 23 15:59 CEST
"swap_4" time elapsed: 00:00:00
----------------------------------------------------------

Unable to find executable: resize
123/919 Testing: resize
123/919 Test: resize
Command: ""
Directory: /home/arsen/projects/optimizer-bench/optlib/build/_deps/eigen3-build/test
"resize" start time: 
Output:
----------------------------------------------------------
<end of output>
Test time =   0.00 sec
----------------------------------------------------------
Test Passed.
"resize" end time: May 23 15:59 CEST
"resize" time elapsed: 00:00:00
----------------------------------------------------------

Unable to find executable: conservative_resize_1
124/919 Testing: conservative_resize_1
124/919 Test: conservative_resize_1
Command: ""
Directory: /home/arsen/projects/optimizer-bench/optlib/build/_deps/eigen3-build/test
"conservative_resize_1" start time: 
Output:
----------------------------------------------------------
<end of output>
Test time =   0.00 sec
----------------------------------------------------------
Test Passed.
"conservative_resize_1" end time: May 23 15:59 CEST
"conservative_resize_1" time elapsed: 00:00:00
----------------------------------------------------------

Unable to find executable: conservative_resize_2
125/919 Testing: conservative_resize_2
125/919 Test: conservative_resize_2
Command: ""
Directory: /home/arsen/projects/optimizer-bench/optlib/build/_deps/eigen3-build/test
"conservative_resize_2" start time: 
Output:
----------------------------------------------------------
<end of output>
Test time =   0.00 sec
----------------------------------------------------------
Test Passed.
"conservative_resize_2" end time: May 23 15:59 CEST
"conservative_resize_2" time elapsed: 00:00:00
----------------------------------------------------------

Unable to find executable: conservative_resize_3
126/919 Testing: conservative_resize_3
126/919 Test: conservative_resize_3
Command: ""
Directory: /home/arsen/projects/optimizer-bench/optlib/build/_deps/eigen3-build/test
"conservative_resize_3" start time: 
Output:
----------------------------------------------------------
<end of output>
Test time =   0.00 sec
----------------------------------------------------------
Test Passed.
"conservative_resize_3" end time: May 23 15:59 CEST
"conservative_resize_3" time elapsed: 00:00:00
----------------------------------------------------------

Unable to find executable: conservative_resize_4
127/919 Testing: conservative_resize_4
127/919 Test: conservative_resize_4
Command: ""
Directory: /home/arsen/projects/optimizer-bench/optlib/build/_deps/eigen3-build/test
"conservative_resize_4" start time: 
Output:
----------------------------------------------------------
<end of output>
Test time =   0.00 sec
----------------------------------------------------------
Test Passed.
"conservative_resize_4" end time: May 23 15:59 CEST
"conservative_resize_4" time elapsed: 00:00:00
----------------------------------------------------------

Unable to find executable: conservative_resize_5
128/919 Testing: conservative_resize_5
128/919 Test: conservative_resize_5
Command: ""
Directory: /home/arsen/projects/optimizer-bench/optlib/build/_deps/eigen3-build/test
"conservative_resize_5" start time: 
Output:
----------------------------------------------------------
<end of output>
Test time =   0.00 sec
----------------------------------------------------------
Test Passed.
"conservative_resize_5" end time: May 23 15:59 CEST
"conservative_resize_5" time elapsed: 00:00:00
----------------------------------------------------------

Unable to find executable: conservative_resize_6
129/919 Testing: conservative_resize_6
129/919 Test: conservative_resize_6
Command: ""
Directory: /home/arsen/projects/optimizer-bench/optlib/build/_deps/eigen3-build/test
"conservative_resize_6" start time: 
Output:
----------------------------------------------------------
<end of output>
Test time =   0.00 sec
----------------------------------------------------------
Test Passed.
"conservative_resize_6" end time: May 23 15:59 CEST
"conservative_resize_6" time elapsed: 00:00:00
----------------------------------------------------------

Unable to find executable: product_small_1
130/919 Testing: product_small_1
130/919 Test: product_small_1
Command: ""
Directory: /home/arsen/projects/optimizer-bench/optlib/build/_deps/eigen3-build/test
"product_small_1" start time: 
Output:
----------------------------------------------------------
<end of output>
Test time =   0.00 sec
----------------------------------------------------------
Test Passed.
"product_small_1" end time: May 23 15:59 CEST
"product_small_1" time elapsed: 00:00:00
----------------------------------------------------------

Unable to find executable: product_small_2
131/919 Testing: product_small_2
131/919 Test: product_small_2
Command: ""
Directory: /home/arsen/projects/optimizer-bench/optlib/build/_deps/eigen3-build/test
"product_small_2" start time: 
Output:
----------------------------------------------------------
<end of output>
Test time =   0.00 sec
----------------------------------------------------------
Test Passed.
"product_small_2" end time: May 23 15:59 CEST
"product_small_2" time elapsed: 00:00:00
----------------------------------------------------------

Unable to find executable: product_small_8
132/919 Testing: product_small_8
132/919 Test: product_small_8
Command: ""
Directory: /home/arsen/projects/optimizer-bench/optlib/build/_deps/eigen3-build/test
"product_small_8" start time: 
Output:
----------------------------------------------------------
<end of output>
Test time =   0.00 sec
----------------------------------------------------------
Test Passed.
"product_small_8" end time: May 23 15:59 CEST
"product_small_8" time elapsed: 00:00:00
----------------------------------------------------------

Unable to find executable: product_small_3
133/919 Testing: product_small_3
133/919 Test: product_small_3
Command: ""
Directory: /home/arsen/projects/optimizer-bench/optlib/build/_deps/eigen3-build/test
"product_small_3" start time: 
Output:
----------------------------------------------------------
<end of output>
Test time =   0.00 sec
----------------------------------------------------------
Test Passed.
"product_small_3" end time: May 23 15:59 CEST
"product_small_3" time elapsed: 00:00:00
----------------------------------------------------------

Unable to find executable: product_small_4
134/919 Testing: product_small_4
134/919 Test: product_small_4
Command: ""
Directory: /home/arsen/projects/optimizer-bench/optlib/build/_deps/eigen3-build/test
"product_small_4" start time: 
Output:
----------------------------------------------------------
<end of output>
Test time =   0.00 sec
----------------------------------------------------------
Test Passed.
"product_small_4" end time: May 23 15:59 CEST
"product_small_4" time elapsed: 00:00:00
----------------------------------------------------------

Unable to find executable: product_small_5
135/919 Testing: product_small_5
135/919 Test: product_small_5
Command: ""
Directory: /home/arsen/projects/optimizer-bench/optlib/build/_deps/eigen3-build/test
"product_small_5" start time: 
Output:
----------------------------------------------------------
<end of output>
Test time =   0.00 sec
----------------------------------------------------------
Test Passed.
"product_small_5" end time: May 23 15:59 CEST
"product_small_5" time elapsed: 00:00:00
----------------------------------------------------------

Unable to find executable: product_small_6
136/919 Testing: product_small_6
136/919 Test: product_small_6
Command: ""
Directory: /home/arsen/projects/optimizer-bench/optlib/build/_deps/eigen3-build/test
"product_small_6" start time: 
Output:
----------------------------------------------------------
<end of output>
Test time =   0.00 sec
----------------------------------------------------------
Test Passed.
"product_small_6" end time: May 23 15:59 CEST
"product_small_6" time elapsed: 00:00:00
----------------------------------------------------------

Unable to find executable: product_small_11
137/919 Testing: product_small_11
137/919 Test: product_small_11
Command: ""
Directory: /home/arsen/projects/optimizer-bench/optlib/build/_deps/eigen3-build/test
"product_small_11" start time: 
Output:
----------------------------------------------------------
<end of output>
Test time =   0.00 sec
----------------------------------------------------------
Test Passed.
"product_small_11" end time: May 23 15:59 CEST
"product_small_11" time elapsed: 00:00:00
----------------------------------------------------------

Unable to find executable: product_small_12
138/919 Testing: product_small_12
138/919 Test: product_small_12
Command: ""
Directory: /home/arsen/projects/optimizer-bench/optlib/build/_deps/eigen3-build/test
"product_small_12" start time: 
Output:
----------------------------------------------------------
<end of output>
Test time =   0.00 sec
----------------------------------------------------------
Test Passed.
"product_small_12" end time: May 23 15:59 CEST
"product_small_12" time elapsed: 00:00:00
----------------------------------------------------------

Unable to find executable: product_small_13
139/919 Testing: product_small_13
139/919 Test: product_small_13
Command: ""
Directory: /home/arsen/projects/optimizer-bench/optlib/build/_deps/eigen3-build/test
"product_small_13" start time: 
Output:
----------------------------------------------------------
<end of output>
Test time =   0.00 sec
----------------------------------------------------------
Test Passed.
"product_small_13" end time: May 23 15:59 CEST
"product_small_13" time elapsed: 00:00:00
----------------------------------------------------------

Unable to find executable: product_small_21
140/919 Testing: product_small_21
140/919 Test: product_small_21
Command: ""
Directory: /home/arsen/projects/optimizer-bench/optlib/build/_deps/eigen3-build/test
"product_small_21" start time: 
Output:
----------------------------------------------------------
<end of output>
Test time =   0.00 sec
----------------------------------------------------------
Test Passed.
"product_small_21" end time: May 23 15:59 CEST
"product_small_21" time elapsed: 00:00:00
----------------------------------------------------------

Unable to find executable: product_small_22
141/919 Testing: product_small_22
141/919 Test: product_small_22
Command: ""
Directory: /home/arsen/projects/optimizer-bench/optlib/build/_deps/eigen3-build/test
"product_small_22" start time: 
Output:
----------------------------------------------------------
<end of output>
Test time =   0.00 sec
----------------------------------------------------------
Test Passed.
"product_small_22" end time: May 23 15:59 CEST
"product_small_22" time elapsed: 00:00:00
----------------------------------------------------------

Unable to find executable: product_small_23
142/919 Testing: product_small_23
142/919 Test: product_small_23
Command: ""
Directory: /home/arsen/projects/optimizer-bench/optlib/build/_deps/eigen3-build/test
"product_small_23" start time: 
Output:
----------------------------------------------------------
<end of output>
Test time =   0.00 sec
----------------------------------------------------------
Test Passed.
"product_small_23" end time: May 23 15:59 CEST
"product_small_23" time elapsed: 00:00:00
----------------------------------------------------------

Unable to find executable: product_small_31
143/919 Testing: product_small_31
143/919 Test: product_small_31
Command: ""
Directory: /home/arsen/projects/optimizer-bench/optlib/build/_deps/eigen3-build/test
"product_small_31" start time: 
Output:
----------------------------------------------------------
<end of output>
Test time =   0.00 sec
----------------------------------------------------------
Test Passed.
"product_small_31" end time: May 23 15:59 CEST
"product_small_31" time elapsed: 00:00:00
----------------------------------------------------------

Unable to find executable: product_small_32
144/919 Testing: product_small_32
144/919 Test: product_small_32
Command: ""
Directory: /home/arsen/projects/optimizer-bench/optlib/build/_deps/eigen3-build/test
"product_small_32" start time: 
Output:
----------------------------------------------------------
<end of output>
Test time =   0.00 sec
----------------------------------------------------------
Test Passed.
"product_small_32" end time: May 23 15:59 CEST
"product_small_32" time elapsed: 00:00:00
----------------------------------------------------------

Unable to find executable: product_small_33
145/919 Testing: product_small_33
145/919 Test: product_small_33
Command: ""
Directory: /home/arsen/projects/optimizer-bench/optlib/build/_deps/eigen3-build/test
"product_small_33" start time: 
Output:
----------------------------------------------------------
<end of output>
Test time =   0.00 sec
----------------------------------------------------------
Test Passed.
"product_small_33" end time: May 23 15:59 CEST
"product_small_33" time elapsed: 00:00:00
----------------------------------------------------------

Unable to find executable: product_small_41
146/919 Testing: product_small_41
146/919 Test: product_small_41
Command: ""
Directory: /home/arsen/projects/optimizer-bench/optlib/build/_deps/eigen3-build/test
"product_small_41" start time: 
Output:
----------------------------------------------------------
<end of output>
Test time =   0.00 sec
----------------------------------------------------------
Test Passed.
"product_small_41" end time: May 23 15:59 CEST
"product_small_41" time elapsed: 00:00:00
----------------------------------------------------------

Unable to find executable: product_small_42
147/919 Testing: product_small_42
147/919 Test: product_small_42
Command: ""
Directory: /home/arsen/projects/optimizer-bench/optlib/build/_deps/eigen3-build/test
"product_small_42" start time: 
Output:
----------------------------------------------------------
<end of output>
Test time =   0.00 sec
----------------------------------------------------------
Test Passed.
"product_small_42" end time: May 23 15:59 CEST
"product_small_42" time elapsed: 00:00:00
----------------------------------------------------------

Unable to find executable: product_small_43
148/919 Testing: product_small_43
148/919 Test: product_small_43
Command: ""
Directory: /home/arsen/projects/optimizer-bench/optlib/build/_deps/eigen3-build/test
"product_small_43" start time: 
Output:
----------------------------------------------------------
<end of output>
Test time =   0.00 sec
----------------------------------------------------------
Test Passed.
"product_small_43" end time: May 23 15:59 CEST
"product_small_43" time elapsed: 00:00:00
----------------------------------------------------------

[...]
----------------------------------------------------------
Test Passed.
"polynomialutils_5" end time: May 23 16:02 CEST
"polynomialutils_5" time elapsed: 00:00:00
----------------------------------------------------------

Unable to find executable: polynomialutils_6
890/919 Testing: polynomialutils_6
890/919 Test: polynomialutils_6
Command: ""
Directory: /home/arsen/projects/optimizer-bench/optlib/build/_deps/eigen3-build/unsupported/test
"polynomialutils_6" start time: 
Output:
----------------------------------------------------------
<end of output>
Test time =   0.00 sec
----------------------------------------------------------
Test Passed.
"polynomialutils_6" end time: May 23 16:02 CEST
"polynomialutils_6" time elapsed: 00:00:00
----------------------------------------------------------

Unable to find executable: polynomialutils_7
891/919 Testing: polynomialutils_7
891/919 Test: polynomialutils_7
Command: ""
Directory: /home/arsen/projects/optimizer-bench/optlib/build/_deps/eigen3-build/unsupported/test
"polynomialutils_7" start time: 
Output:
----------------------------------------------------------
<end of output>
Test time =   0.00 sec
----------------------------------------------------------
Test Passed.
"polynomialutils_7" end time: May 23 16:02 CEST
"polynomialutils_7" time elapsed: 00:00:00
----------------------------------------------------------

Unable to find executable: polynomialutils_8
892/919 Testing: polynomialutils_8
892/919 Test: polynomialutils_8
Command: ""
Directory: /home/arsen/projects/optimizer-bench/optlib/build/_deps/eigen3-build/unsupported/test
"polynomialutils_8" start time: 
Output:
----------------------------------------------------------
<end of output>
Test time =   0.00 sec
----------------------------------------------------------
Test Passed.
"polynomialutils_8" end time: May 23 16:02 CEST
"polynomialutils_8" time elapsed: 00:00:00
----------------------------------------------------------

Unable to find executable: polynomialutils_9
893/919 Testing: polynomialutils_9
893/919 Test: polynomialutils_9
Command: ""
Directory: /home/arsen/projects/optimizer-bench/optlib/build/_deps/eigen3-build/unsupported/test
"polynomialutils_9" start time: 
Output:
----------------------------------------------------------
<end of output>
Test time =   0.00 sec
----------------------------------------------------------
Test Passed.
"polynomialutils_9" end time: May 23 16:02 CEST
"polynomialutils_9" time elapsed: 00:00:00
----------------------------------------------------------

Unable to find executable: splines
894/919 Testing: splines
894/919 Test: splines
Command: ""
Directory: /home/arsen/projects/optimizer-bench/optlib/build/_deps/eigen3-build/unsupported/test
"splines" start time: 
Output:
----------------------------------------------------------
<end of output>
Test time =   0.00 sec
----------------------------------------------------------
Test Passed.
"splines" end time: May 23 16:02 CEST
"splines" time elapsed: 00:00:00
----------------------------------------------------------

Unable to find executable: gmres_1
895/919 Testing: gmres_1
895/919 Test: gmres_1
Command: ""
Directory: /home/arsen/projects/optimizer-bench/optlib/build/_deps/eigen3-build/unsupported/test
"gmres_1" start time: 
Output:
----------------------------------------------------------
<end of output>
Test time =   0.00 sec
----------------------------------------------------------
Test Passed.
"gmres_1" end time: May 23 16:02 CEST
"gmres_1" time elapsed: 00:00:00
----------------------------------------------------------

Unable to find executable: gmres_2
896/919 Testing: gmres_2
896/919 Test: gmres_2
Command: ""
Directory: /home/arsen/projects/optimizer-bench/optlib/build/_deps/eigen3-build/unsupported/test
"gmres_2" start time: 
Output:
----------------------------------------------------------
<end of output>
Test time =   0.00 sec
----------------------------------------------------------
Test Passed.
"gmres_2" end time: May 23 16:02 CEST
"gmres_2" time elapsed: 00:00:00
----------------------------------------------------------

Unable to find executable: dgmres_1
897/919 Testing: dgmres_1
897/919 Test: dgmres_1
Command: ""
Directory: /home/arsen/projects/optimizer-bench/optlib/build/_deps/eigen3-build/unsupported/test
"dgmres_1" start time: 
Output:
----------------------------------------------------------
<end of output>
Test time =   0.00 sec
----------------------------------------------------------
Test Passed.
"dgmres_1" end time: May 23 16:02 CEST
"dgmres_1" time elapsed: 00:00:00
----------------------------------------------------------

Unable to find executable: dgmres_2
898/919 Testing: dgmres_2
898/919 Test: dgmres_2
Command: ""
Directory: /home/arsen/projects/optimizer-bench/optlib/build/_deps/eigen3-build/unsupported/test
"dgmres_2" start time: 
Output:
----------------------------------------------------------
<end of output>
Test time =   0.00 sec
----------------------------------------------------------
Test Passed.
"dgmres_2" end time: May 23 16:02 CEST
"dgmres_2" time elapsed: 00:00:00
----------------------------------------------------------

Unable to find executable: minres_1
899/919 Testing: minres_1
899/919 Test: minres_1
Command: ""
Directory: /home/arsen/projects/optimizer-bench/optlib/build/_deps/eigen3-build/unsupported/test
"minres_1" start time: 
Output:
----------------------------------------------------------
<end of output>
Test time =   0.00 sec
----------------------------------------------------------
Test Passed.
"minres_1" end time: May 23 16:02 CEST
"minres_1" time elapsed: 00:00:00
----------------------------------------------------------

Unable to find executable: minres_2
900/919 Testing: minres_2
900/919 Test: minres_2
Command: ""
Directory: /home/arsen/projects/optimizer-bench/optlib/build/_deps/eigen3-build/unsupported/test
"minres_2" start time: 
Output:
----------------------------------------------------------
<end of output>
Test time =   0.00 sec
----------------------------------------------------------
Test Passed.
"minres_2" end time: May 23 16:02 CEST
"minres_2" time elapsed: 00:00:00
----------------------------------------------------------

Unable to find executable: idrs_1
901/919 Testing: idrs_1
901/919 Test: idrs_1
Command: ""
Directory: /home/arsen/projects/optimizer-bench/optlib/build/_deps/eigen3-build/unsupported/test
"idrs_1" start time: 
Output:
----------------------------------------------------------
<end of output>
Test time =   0.00 sec
----------------------------------------------------------
Test Passed.
"idrs_1" end time: May 23 16:02 CEST
"idrs_1" time elapsed: 00:00:00
----------------------------------------------------------

Unable to find executable: idrs_2
902/919 Testing: idrs_2
902/919 Test: idrs_2
Command: ""
Directory: /home/arsen/projects/optimizer-bench/optlib/build/_deps/eigen3-build/unsupported/test
"idrs_2" start time: 
Output:
----------------------------------------------------------
<end of output>
Test time =   0.00 sec
----------------------------------------------------------
Test Passed.
"idrs_2" end time: May 23 16:02 CEST
"idrs_2" time elapsed: 00:00:00
----------------------------------------------------------

Unable to find executable: levenberg_marquardt
903/919 Testing: levenberg_marquardt
903/919 Test: levenberg_marquardt
Command: ""
Directory: /home/arsen/projects/optimizer-bench/optlib/build/_deps/eigen3-build/unsupported/test
"levenberg_marquardt" start time: 
Output:
----------------------------------------------------------
<end of output>
Test time =   0.00 sec
----------------------------------------------------------
Test Passed.
"levenberg_marquardt" end time: May 23 16:02 CEST
"levenberg_marquardt" time elapsed: 00:00:00
----------------------------------------------------------

Unable to find executable: kronecker_product_1
904/919 Testing: kronecker_product_1
904/919 Test: kronecker_product_1
Command: ""
Directory: /home/arsen/projects/optimizer-bench/optlib/build/_deps/eigen3-build/unsupported/test
"kronecker_product_1" start time: 
Output:
----------------------------------------------------------
<end of output>
Test time =   0.00 sec
----------------------------------------------------------
Test Passed.
"kronecker_product_1" end time: May 23 16:02 CEST
"kronecker_product_1" time elapsed: 00:00:00
----------------------------------------------------------

Unable to find executable: kronecker_product_2
905/919 Testing: kronecker_product_2
905/919 Test: kronecker_product_2
Command: ""
Directory: /home/arsen/projects/optimizer-bench/optlib/build/_deps/eigen3-build/unsupported/test
"kronecker_product_2" start time: 
Output:
----------------------------------------------------------
<end of output>
Test time =   0.00 sec
----------------------------------------------------------
Test Passed.
"kronecker_product_2" end time: May 23 16:02 CEST
"kronecker_product_2" time elapsed: 00:00:00
----------------------------------------------------------

Unable to find executable: bessel_functions_1
906/919 Testing: bessel_functions_1
906/919 Test: bessel_functions_1
Command: ""
Directory: /home/arsen/projects/optimizer-bench/optlib/build/_deps/eigen3-build/unsupported/test
"bessel_functions_1" start time: 
Output:
----------------------------------------------------------
<end of output>
Test time =   0.00 sec
----------------------------------------------------------
Test Passed.
"bessel_functions_1" end time: May 23 16:02 CEST
"bessel_functions_1" time elapsed: 00:00:00
----------------------------------------------------------

Unable to find executable: bessel_functions_2
907/919 Testing: bessel_functions_2
907/919 Test: bessel_functions_2
Command: ""
Directory: /home/arsen/projects/optimizer-bench/optlib/build/_deps/eigen3-build/unsupported/test
"bessel_functions_2" start time: 
Output:
----------------------------------------------------------
<end of output>
Test time =   0.00 sec
----------------------------------------------------------
Test Passed.
"bessel_functions_2" end time: May 23 16:02 CEST
"bessel_functions_2" time elapsed: 00:00:00
----------------------------------------------------------

Unable to find executable: special_functions_1
908/919 Testing: special_functions_1
908/919 Test: special_functions_1
Command: ""
Directory: /home/arsen/projects/optimizer-bench/optlib/build/_deps/eigen3-build/unsupported/test
"special_functions_1" start time: 
Output:
----------------------------------------------------------
<end of output>
Test time =   0.00 sec
----------------------------------------------------------
Test Passed.
"special_functions_1" end time: May 23 16:02 CEST
"special_functions_1" time elapsed: 00:00:00
----------------------------------------------------------

Unable to find executable: special_functions_2
909/919 Testing: special_functions_2
909/919 Test: special_functions_2
Command: ""
Directory: /home/arsen/projects/optimizer-bench/optlib/build/_deps/eigen3-build/unsupported/test
"special_functions_2" start time: 
Output:
----------------------------------------------------------
<end of output>
Test time =   0.00 sec
----------------------------------------------------------
Test Passed.
"special_functions_2" end time: May 23 16:02 CEST
"special_functions_2" time elapsed: 00:00:00
----------------------------------------------------------

Unable to find executable: special_functions_3
910/919 Testing: special_functions_3
910/919 Test: special_functions_3
Command: ""
Directory: /home/arsen/projects/optimizer-bench/optlib/build/_deps/eigen3-build/unsupported/test
"special_functions_3" start time: 
Output:
----------------------------------------------------------
<end of output>
Test time =   0.00 sec
----------------------------------------------------------
Test Passed.
"special_functions_3" end time: May 23 16:02 CEST
"special_functions_3" time elapsed: 00:00:00
----------------------------------------------------------

Unable to find executable: special_functions_4
911/919 Testing: special_functions_4
911/919 Test: special_functions_4
Command: ""
Directory: /home/arsen/projects/optimizer-bench/optlib/build/_deps/eigen3-build/unsupported/test
"special_functions_4" start time: 
Output:
----------------------------------------------------------
<end of output>
Test time =   0.00 sec
----------------------------------------------------------
Test Passed.
"special_functions_4" end time: May 23 16:02 CEST
"special_functions_4" time elapsed: 00:00:00
----------------------------------------------------------

Unable to find executable: special_packetmath_1
912/919 Testing: special_packetmath_1
912/919 Test: special_packetmath_1
Command: ""
Directory: /home/arsen/projects/optimizer-bench/optlib/build/_deps/eigen3-build/unsupported/test
"special_packetmath_1" start time: 
Output:
----------------------------------------------------------
<end of output>
Test time =   0.00 sec
----------------------------------------------------------
Test Passed.
"special_packetmath_1" end time: May 23 16:02 CEST
"special_packetmath_1" time elapsed: 00:00:00
----------------------------------------------------------

Unable to find executable: special_packetmath_2
913/919 Testing: special_packetmath_2
913/919 Test: special_packetmath_2
Command: ""
Directory: /home/arsen/projects/optimizer-bench/optlib/build/_deps/eigen3-build/unsupported/test
"special_packetmath_2" start time: 
Output:
----------------------------------------------------------
<end of output>
Test time =   0.00 sec
----------------------------------------------------------
Test Passed.
"special_packetmath_2" end time: May 23 16:02 CEST
"special_packetmath_2" time elapsed: 00:00:00
----------------------------------------------------------

Unable to find executable: special_packetmath_3
914/919 Testing: special_packetmath_3
914/919 Test: special_packetmath_3
Command: ""
Directory: /home/arsen/projects/optimizer-bench/optlib/build/_deps/eigen3-build/unsupported/test
"special_packetmath_3" start time: 
Output:
----------------------------------------------------------
<end of output>
Test time =   0.00 sec
----------------------------------------------------------
Test Passed.
"special_packetmath_3" end time: May 23 16:02 CEST
"special_packetmath_3" time elapsed: 00:00:00
----------------------------------------------------------

Unable to find executable: special_packetmath_4
915/919 Testing: special_packetmath_4
915/919 Test: special_packetmath_4
Command: ""
Directory: /home/arsen/projects/optimizer-bench/optlib/build/_deps/eigen3-build/unsupported/test
"special_packetmath_4" start time: 
Output:
----------------------------------------------------------
<end of output>
Test time =   0.00 sec
----------------------------------------------------------
Test Passed.
"special_packetmath_4" end time: May 23 16:02 CEST
"special_packetmath_4" time elapsed: 00:00:00
----------------------------------------------------------

916/919 Testing: Types.VectorZero
916/919 Test: Types.VectorZero
Command: "/home/arsen/projects/optimizer-bench/optlib/build/tests/optlib_tests" "--gtest_filter=Types.VectorZero" "--gtest_also_run_disabled_tests"
Directory: /home/arsen/projects/optimizer-bench/optlib/build/tests
"Types.VectorZero" start time: May 23 16:02 CEST
Output:
----------------------------------------------------------
Running main() from /home/arsen/projects/optimizer-bench/optlib/build/_deps/googletest-src/googletest/src/gtest_main.cc
Note: Google Test filter = Types.VectorZero
[==========] Running 1 test from 1 test suite.
[----------] Global test environment set-up.
[----------] 1 test from Types
[ RUN      ] Types.VectorZero
[       OK ] Types.VectorZero (0 ms)
[----------] 1 test from Types (0 ms total)

[----------] Global test environment tear-down
[==========] 1 test from 1 test suite ran. (0 ms total)
[  PASSED  ] 1 test.
<end of output>
Test time =   0.00 sec
----------------------------------------------------------
Test Passed.
"Types.VectorZero" end time: May 23 16:02 CEST
"Types.VectorZero" time elapsed: 00:00:00
----------------------------------------------------------

917/919 Testing: Types.MatrixIdentity
917/919 Test: Types.MatrixIdentity
Command: "/home/arsen/projects/optimizer-bench/optlib/build/tests/optlib_tests" "--gtest_filter=Types.MatrixIdentity" "--gtest_also_run_disabled_tests"
Directory: /home/arsen/projects/optimizer-bench/optlib/build/tests
"Types.MatrixIdentity" start time: May 23 16:02 CEST
Output:
----------------------------------------------------------
Running main() from /home/arsen/projects/optimizer-bench/optlib/build/_deps/googletest-src/googletest/src/gtest_main.cc
Note: Google Test filter = Types.MatrixIdentity
[==========] Running 1 test from 1 test suite.
[----------] Global test environment set-up.
[----------] 1 test from Types
[ RUN      ] Types.MatrixIdentity
[       OK ] Types.MatrixIdentity (0 ms)
[----------] 1 test from Types (0 ms total)

[----------] Global test environment tear-down
[==========] 1 test from 1 test suite ran. (0 ms total)
[  PASSED  ] 1 test.
<end of output>
Test time =   0.00 sec
----------------------------------------------------------
Test Passed.
"Types.MatrixIdentity" end time: May 23 16:02 CEST
"Types.MatrixIdentity" time elapsed: 00:00:00
----------------------------------------------------------

918/919 Testing: Result.DefaultStatus
918/919 Test: Result.DefaultStatus
Command: "/home/arsen/projects/optimizer-bench/optlib/build/tests/optlib_tests" "--gtest_filter=Result.DefaultStatus" "--gtest_also_run_disabled_tests"
Directory: /home/arsen/projects/optimizer-bench/optlib/build/tests
"Result.DefaultStatus" start time: May 23 16:02 CEST
Output:
----------------------------------------------------------
Running main() from /home/arsen/projects/optimizer-bench/optlib/build/_deps/googletest-src/googletest/src/gtest_main.cc
Note: Google Test filter = Result.DefaultStatus
[==========] Running 1 test from 1 test suite.
[----------] Global test environment set-up.
[----------] 1 test from Result
[ RUN      ] Result.DefaultStatus
[       OK ] Result.DefaultStatus (0 ms)
[----------] 1 test from Result (0 ms total)

[----------] Global test environment tear-down
[==========] 1 test from 1 test suite ran. (0 ms total)
[  PASSED  ] 1 test.
<end of output>
Test time =   0.00 sec
----------------------------------------------------------
Test Passed.
"Result.DefaultStatus" end time: May 23 16:02 CEST
"Result.DefaultStatus" time elapsed: 00:00:00
----------------------------------------------------------

919/919 Testing: Result.ToStringStatus
919/919 Test: Result.ToStringStatus
Command: "/home/arsen/projects/optimizer-bench/optlib/build/tests/optlib_tests" "--gtest_filter=Result.ToStringStatus" "--gtest_also_run_disabled_tests"
Directory: /home/arsen/projects/optimizer-bench/optlib/build/tests
"Result.ToStringStatus" start time: May 23 16:02 CEST
Output:
----------------------------------------------------------
Running main() from /home/arsen/projects/optimizer-bench/optlib/build/_deps/googletest-src/googletest/src/gtest_main.cc
Note: Google Test filter = Result.ToStringStatus
[==========] Running 1 test from 1 test suite.
[----------] Global test environment set-up.
[----------] 1 test from Result
[ RUN      ] Result.ToStringStatus
[       OK ] Result.ToStringStatus (0 ms)
[----------] 1 test from Result (0 ms total)

[----------] Global test environment tear-down
[==========] 1 test from 1 test suite ran. (0 ms total)
[  PASSED  ] 1 test.
<end of output>
Test time =   0.00 sec
----------------------------------------------------------
Test Passed.
"Result.ToStringStatus" end time: May 23 16:02 CEST
"Result.ToStringStatus" time elapsed: 00:00:00
----------------------------------------------------------

End testing: May 23 16:02 CEST

Official =   0.00 sec*proc

Unsupported =   0.00 sec*proc

smoketest =   0.00 sec*proc

